{"/Users/meghalparikh/Downloads/promptsonar/packages/core/src/index.ts": {"path":"/Users/meghalparikh/Downloads/promptsonar/packages/core/src/index.ts","statementMap":{},"fnMap":{},"branchMap":{},"s":{},"f":{},"b":{},"meta":{"lastBranch":0,"lastFunction":0,"lastStatement":0,"seen":{}}}
,"/Users/meghalparikh/Downloads/promptsonar/packages/core/src/formatter/sarif.ts": {"path":"/Users/meghalparikh/Downloads/promptsonar/packages/core/src/formatter/sarif.ts","statementMap":{"0":{"start":{"line":4,"column":24},"end":{"line":19,"column":null}},"1":{"start":{"line":21,"column":21},"end":{"line":21,"column":null}},"2":{"start":{"line":23,"column":4},"end":{"line":74,"column":null}},"3":{"start":{"line":25,"column":8},"end":{"line":43,"column":null}},"4":{"start":{"line":26,"column":12},"end":{"line":26,"column":null}},"5":{"start":{"line":27,"column":12},"end":{"line":42,"column":null}},"6":{"start":{"line":47,"column":20},"end":{"line":47,"column":null}},"7":{"start":{"line":48,"column":8},"end":{"line":49,"column":null}},"8":{"start":{"line":48,"column":64},"end":{"line":48,"column":null}},"9":{"start":{"line":48,"column":72},"end":{"line":49,"column":null}},"10":{"start":{"line":49,"column":42},"end":{"line":49,"column":null}},"11":{"start":{"line":51,"column":8},"end":{"line":73,"column":null}},"12":{"start":{"line":76,"column":4},"end":{"line":76,"column":null}}},"fnMap":{"0":{"name":"formatToSarif","decl":{"start":{"line":3,"column":16},"end":{"line":3,"column":30}},"loc":{"start":{"line":3,"column":77},"end":{"line":77,"column":null}},"line":3},"1":{"name":"(anonymous_1)","decl":{"start":{"line":23,"column":21},"end":{"line":23,"column":26}},"loc":{"start":{"line":23,"column":26},"end":{"line":74,"column":5}},"line":23}},"branchMap":{"0":{"loc":{"start":{"line":25,"column":8},"end":{"line":43,"column":null}},"type":"if","locations":[{"start":{"line":25,"column":8},"end":{"line":43,"column":null}},{"start":{},"end":{}}],"line":25},"1":{"loc":{"start":{"line":36,"column":26},"end":{"line":36,"column":null}},"type":"binary-expr","locations":[{"start":{"line":36,"column":26},"end":{"line":36,"column":45}},{"start":{"line":36,"column":45},"end":{"line":36,"column":null}}],"line":36},"2":{"loc":{"start":{"line":48,"column":8},"end":{"line":49,"column":null}},"type":"if","locations":[{"start":{"line":48,"column":8},"end":{"line":49,"column":null}},{"start":{"line":48,"column":72},"end":{"line":49,"column":null}}],"line":48},"3":{"loc":{"start":{"line":48,"column":12},"end":{"line":48,"column":64}},"type":"binary-expr","locations":[{"start":{"line":48,"column":12},"end":{"line":48,"column":41}},{"start":{"line":48,"column":41},"end":{"line":48,"column":64}}],"line":48},"4":{"loc":{"start":{"line":48,"column":72},"end":{"line":49,"column":null}},"type":"if","locations":[{"start":{"line":48,"column":72},"end":{"line":49,"column":null}},{"start":{},"end":{}}],"line":48},"5":{"loc":{"start":{"line":55,"column":52},"end":{"line":55,"column":null}},"type":"binary-expr","locations":[{"start":{"line":55,"column":52},"end":{"line":55,"column":71}},{"start":{"line":55,"column":71},"end":{"line":55,"column":null}}],"line":55}},"s":{"0":0,"1":0,"2":0,"3":0,"4":0,"5":0,"6":0,"7":0,"8":0,"9":0,"10":0,"11":0,"12":0},"f":{"0":0,"1":0},"b":{"0":[0,0],"1":[0,0],"2":[0,0],"3":[0,0],"4":[0,0],"5":[0,0]},"meta":{"lastBranch":6,"lastFunction":2,"lastStatement":13,"seen":{"f:3:16:3:30":0,"s:4:24:19:Infinity":0,"s:21:21:21:Infinity":1,"s:23:4:74:Infinity":2,"f:23:21:23:26":1,"b:25:8:43:Infinity:undefined:undefined:undefined:undefined":0,"s:25:8:43:Infinity":3,"s:26:12:26:Infinity":4,"s:27:12:42:Infinity":5,"b:36:26:36:45:36:45:36:Infinity":1,"s:47:20:47:Infinity":6,"b:48:8:49:Infinity:48:72:49:Infinity":2,"s:48:8:49:Infinity":7,"b:48:12:48:41:48:41:48:64":3,"s:48:64:48:Infinity":8,"b:48:72:49:Infinity:undefined:undefined:undefined:undefined":4,"s:48:72:49:Infinity":9,"s:49:42:49:Infinity":10,"s:51:8:73:Infinity":11,"b:55:52:55:71:55:71:55:Infinity":5,"s:76:4:76:Infinity":12}}}
,"/Users/meghalparikh/Downloads/promptsonar/packages/core/src/optimizer/costCalculator.ts": {"path":"/Users/meghalparikh/Downloads/promptsonar/packages/core/src/optimizer/costCalculator.ts","statementMap":{"0":{"start":{"line":16,"column":24},"end":{"line":16,"column":null}},"1":{"start":{"line":20,"column":28},"end":{"line":20,"column":null}},"2":{"start":{"line":23,"column":26},"end":{"line":23,"column":null}},"3":{"start":{"line":24,"column":34},"end":{"line":24,"column":null}},"4":{"start":{"line":25,"column":4},"end":{"line":25,"column":null}},"5":{"start":{"line":25,"column":39},"end":{"line":25,"column":null}},"6":{"start":{"line":28,"column":16},"end":{"line":28,"column":null}},"7":{"start":{"line":29,"column":4},"end":{"line":35,"column":null}},"8":{"start":{"line":30,"column":8},"end":{"line":34,"column":null}},"9":{"start":{"line":31,"column":12},"end":{"line":31,"column":null}},"10":{"start":{"line":33,"column":12},"end":{"line":33,"column":null}},"11":{"start":{"line":37,"column":4},"end":{"line":43,"column":null}}},"fnMap":{"0":{"name":"calculateROI","decl":{"start":{"line":15,"column":16},"end":{"line":15,"column":29}},"loc":{"start":{"line":15,"column":95},"end":{"line":44,"column":null}},"line":15}},"branchMap":{"0":{"loc":{"start":{"line":25,"column":4},"end":{"line":25,"column":null}},"type":"if","locations":[{"start":{"line":25,"column":4},"end":{"line":25,"column":null}},{"start":{},"end":{}}],"line":25},"1":{"loc":{"start":{"line":29,"column":4},"end":{"line":35,"column":null}},"type":"if","locations":[{"start":{"line":29,"column":4},"end":{"line":35,"column":null}},{"start":{},"end":{}}],"line":29},"2":{"loc":{"start":{"line":30,"column":8},"end":{"line":34,"column":null}},"type":"if","locations":[{"start":{"line":30,"column":8},"end":{"line":34,"column":null}},{"start":{"line":32,"column":15},"end":{"line":34,"column":null}}],"line":30},"3":{"loc":{"start":{"line":30,"column":12},"end":{"line":30,"column":75}},"type":"binary-expr","locations":[{"start":{"line":30,"column":12},"end":{"line":30,"column":51}},{"start":{"line":30,"column":51},"end":{"line":30,"column":75}}],"line":30}},"s":{"0":0,"1":0,"2":0,"3":0,"4":0,"5":0,"6":0,"7":0,"8":0,"9":0,"10":0,"11":0},"f":{"0":0},"b":{"0":[0,0],"1":[0,0],"2":[0,0],"3":[0,0]},"meta":{"lastBranch":4,"lastFunction":1,"lastStatement":12,"seen":{"f:15:16:15:29":0,"s:16:24:16:Infinity":0,"s:20:28:20:Infinity":1,"s:23:26:23:Infinity":2,"s:24:34:24:Infinity":3,"b:25:4:25:Infinity:undefined:undefined:undefined:undefined":0,"s:25:4:25:Infinity":4,"s:25:39:25:Infinity":5,"s:28:16:28:Infinity":6,"b:29:4:35:Infinity:undefined:undefined:undefined:undefined":1,"s:29:4:35:Infinity":7,"b:30:8:34:Infinity:32:15:34:Infinity":2,"s:30:8:34:Infinity":8,"b:30:12:30:51:30:51:30:75":3,"s:31:12:31:Infinity":9,"s:33:12:33:Infinity":10,"s:37:4:43:Infinity":11}}}
,"/Users/meghalparikh/Downloads/promptsonar/packages/core/src/optimizer/index.ts": {"path":"/Users/meghalparikh/Downloads/promptsonar/packages/core/src/optimizer/index.ts","statementMap":{},"fnMap":{},"branchMap":{},"s":{},"f":{},"b":{},"meta":{"lastBranch":0,"lastFunction":0,"lastStatement":0,"seen":{}}}
,"/Users/meghalparikh/Downloads/promptsonar/packages/core/src/optimizer/llmlingua.ts": {"path":"/Users/meghalparikh/Downloads/promptsonar/packages/core/src/optimizer/llmlingua.ts","statementMap":{"0":{"start":{"line":18,"column":4},"end":{"line":102,"column":null}},"1":{"start":{"line":20,"column":29},"end":{"line":20,"column":null}},"2":{"start":{"line":52,"column":14},"end":{"line":52,"column":null}},"3":{"start":{"line":54,"column":25},"end":{"line":54,"column":null}},"4":{"start":{"line":55,"column":24},"end":{"line":55,"column":null}},"5":{"start":{"line":57,"column":8},"end":{"line":59,"column":null}},"6":{"start":{"line":58,"column":12},"end":{"line":58,"column":null}},"7":{"start":{"line":61,"column":8},"end":{"line":63,"column":null}},"8":{"start":{"line":62,"column":12},"end":{"line":62,"column":null}},"9":{"start":{"line":65,"column":8},"end":{"line":97,"column":null}},"10":{"start":{"line":66,"column":12},"end":{"line":96,"column":null}},"11":{"start":{"line":69,"column":39},"end":{"line":69,"column":null}},"12":{"start":{"line":70,"column":35},"end":{"line":70,"column":null}},"13":{"start":{"line":71,"column":39},"end":{"line":71,"column":null}},"14":{"start":{"line":73,"column":16},"end":{"line":79,"column":null}},"15":{"start":{"line":81,"column":16},"end":{"line":95,"column":null}},"16":{"start":{"line":82,"column":35},"end":{"line":82,"column":null}},"17":{"start":{"line":83,"column":20},"end":{"line":85,"column":null}},"18":{"start":{"line":84,"column":24},"end":{"line":84,"column":null}},"19":{"start":{"line":86,"column":20},"end":{"line":92,"column":null}},"20":{"start":{"line":94,"column":20},"end":{"line":94,"column":null}},"21":{"start":{"line":100,"column":8},"end":{"line":100,"column":null}},"22":{"start":{"line":101,"column":8},"end":{"line":101,"column":null}}},"fnMap":{"0":{"name":"compressPromptLLMLingua","decl":{"start":{"line":17,"column":22},"end":{"line":17,"column":46}},"loc":{"start":{"line":17,"column":94},"end":{"line":103,"column":null}},"line":17},"1":{"name":"(anonymous_1)","decl":{"start":{"line":18,"column":23},"end":{"line":18,"column":24}},"loc":{"start":{"line":18,"column":44},"end":{"line":102,"column":5}},"line":18},"2":{"name":"(anonymous_2)","decl":{"start":{"line":57,"column":36},"end":{"line":57,"column":37}},"loc":{"start":{"line":57,"column":46},"end":{"line":59,"column":9}},"line":57},"3":{"name":"(anonymous_3)","decl":{"start":{"line":61,"column":36},"end":{"line":61,"column":37}},"loc":{"start":{"line":61,"column":46},"end":{"line":63,"column":9}},"line":61},"4":{"name":"(anonymous_4)","decl":{"start":{"line":65,"column":30},"end":{"line":65,"column":31}},"loc":{"start":{"line":65,"column":40},"end":{"line":97,"column":9}},"line":65}},"branchMap":{"0":{"loc":{"start":{"line":66,"column":12},"end":{"line":96,"column":null}},"type":"if","locations":[{"start":{"line":66,"column":12},"end":{"line":96,"column":null}},{"start":{"line":80,"column":19},"end":{"line":96,"column":null}}],"line":66},"1":{"loc":{"start":{"line":83,"column":20},"end":{"line":85,"column":null}},"type":"if","locations":[{"start":{"line":83,"column":20},"end":{"line":85,"column":null}},{"start":{},"end":{}}],"line":83}},"s":{"0":0,"1":0,"2":0,"3":0,"4":0,"5":0,"6":0,"7":0,"8":0,"9":0,"10":0,"11":0,"12":0,"13":0,"14":0,"15":0,"16":0,"17":0,"18":0,"19":0,"20":0,"21":0,"22":0},"f":{"0":0,"1":0,"2":0,"3":0,"4":0},"b":{"0":[0,0],"1":[0,0]},"meta":{"lastBranch":2,"lastFunction":5,"lastStatement":23,"seen":{"f:17:22:17:46":0,"s:18:4:102:Infinity":0,"f:18:23:18:24":1,"s:20:29:20:Infinity":1,"s:52:14:52:Infinity":2,"s:54:25:54:Infinity":3,"s:55:24:55:Infinity":4,"s:57:8:59:Infinity":5,"f:57:36:57:37":2,"s:58:12:58:Infinity":6,"s:61:8:63:Infinity":7,"f:61:36:61:37":3,"s:62:12:62:Infinity":8,"s:65:8:97:Infinity":9,"f:65:30:65:31":4,"b:66:12:96:Infinity:80:19:96:Infinity":0,"s:66:12:96:Infinity":10,"s:69:39:69:Infinity":11,"s:70:35:70:Infinity":12,"s:71:39:71:Infinity":13,"s:73:16:79:Infinity":14,"s:81:16:95:Infinity":15,"s:82:35:82:Infinity":16,"b:83:20:85:Infinity:undefined:undefined:undefined:undefined":1,"s:83:20:85:Infinity":17,"s:84:24:84:Infinity":18,"s:86:20:92:Infinity":19,"s:94:20:94:Infinity":20,"s:100:8:100:Infinity":21,"s:101:8:101:Infinity":22}}}
,"/Users/meghalparikh/Downloads/promptsonar/packages/core/src/parser/index.ts": {"path":"/Users/meghalparikh/Downloads/promptsonar/packages/core/src/parser/index.ts","statementMap":{"0":{"start":{"line":1,"column":15},"end":{"line":1,"column":null}},"1":{"start":{"line":9,"column":17},"end":{"line":9,"column":null}},"2":{"start":{"line":10,"column":29},"end":{"line":10,"column":null}},"3":{"start":{"line":11,"column":31},"end":{"line":11,"column":null}},"4":{"start":{"line":14,"column":44},"end":{"line":14,"column":null}},"5":{"start":{"line":15,"column":24},"end":{"line":15,"column":null}},"6":{"start":{"line":18,"column":4},"end":{"line":21,"column":null}},"7":{"start":{"line":19,"column":8},"end":{"line":19,"column":null}},"8":{"start":{"line":20,"column":8},"end":{"line":20,"column":null}},"9":{"start":{"line":26,"column":4},"end":{"line":32,"column":null}},"10":{"start":{"line":27,"column":25},"end":{"line":27,"column":null}},"11":{"start":{"line":28,"column":8},"end":{"line":28,"column":null}},"12":{"start":{"line":31,"column":8},"end":{"line":31,"column":null}},"13":{"start":{"line":36,"column":4},"end":{"line":36,"column":null}},"14":{"start":{"line":37,"column":4},"end":{"line":40,"column":null}},"15":{"start":{"line":38,"column":25},"end":{"line":38,"column":null}},"16":{"start":{"line":39,"column":8},"end":{"line":39,"column":null}},"17":{"start":{"line":41,"column":4},"end":{"line":41,"column":null}},"18":{"start":{"line":45,"column":4},"end":{"line":56,"column":null}},"19":{"start":{"line":46,"column":20},"end":{"line":46,"column":null}},"20":{"start":{"line":50,"column":21},"end":{"line":50,"column":null}},"21":{"start":{"line":51,"column":20},"end":{"line":51,"column":null}},"22":{"start":{"line":52,"column":22},"end":{"line":52,"column":null}},"23":{"start":{"line":53,"column":20},"end":{"line":53,"column":null}},"24":{"start":{"line":54,"column":20},"end":{"line":54,"column":null}},"25":{"start":{"line":55,"column":17},"end":{"line":55,"column":null}},"26":{"start":{"line":60,"column":22},"end":{"line":60,"column":null}},"27":{"start":{"line":61,"column":4},"end":{"line":61,"column":null}},"28":{"start":{"line":61,"column":36},"end":{"line":61,"column":77}},"29":{"start":{"line":65,"column":44},"end":{"line":65,"column":null}},"30":{"start":{"line":66,"column":16},"end":{"line":66,"column":null}},"31":{"start":{"line":67,"column":38},"end":{"line":67,"column":null}},"32":{"start":{"line":70,"column":4},"end":{"line":78,"column":null}},"33":{"start":{"line":71,"column":8},"end":{"line":77,"column":null}},"34":{"start":{"line":81,"column":4},"end":{"line":118,"column":null}},"35":{"start":{"line":83,"column":22},"end":{"line":83,"column":null}},"36":{"start":{"line":84,"column":22},"end":{"line":84,"column":null}},"37":{"start":{"line":85,"column":25},"end":{"line":85,"column":null}},"38":{"start":{"line":86,"column":24},"end":{"line":86,"column":null}},"39":{"start":{"line":89,"column":8},"end":{"line":103,"column":null}},"40":{"start":{"line":89,"column":21},"end":{"line":89,"column":24}},"41":{"start":{"line":90,"column":25},"end":{"line":90,"column":null}},"42":{"start":{"line":91,"column":12},"end":{"line":102,"column":null}},"43":{"start":{"line":93,"column":16},"end":{"line":101,"column":null}},"44":{"start":{"line":94,"column":20},"end":{"line":100,"column":null}},"45":{"start":{"line":106,"column":28},"end":{"line":106,"column":null}},"46":{"start":{"line":107,"column":8},"end":{"line":117,"column":null}},"47":{"start":{"line":108,"column":25},"end":{"line":108,"column":null}},"48":{"start":{"line":109,"column":36},"end":{"line":109,"column":null}},"49":{"start":{"line":110,"column":12},"end":{"line":116,"column":null}},"50":{"start":{"line":121,"column":23},"end":{"line":121,"column":null}},"51":{"start":{"line":123,"column":4},"end":{"line":168,"column":null}},"52":{"start":{"line":124,"column":8},"end":{"line":167,"column":null}},"53":{"start":{"line":125,"column":25},"end":{"line":125,"column":null}},"54":{"start":{"line":126,"column":27},"end":{"line":126,"column":null}},"55":{"start":{"line":127,"column":12},"end":{"line":127,"column":null}},"56":{"start":{"line":128,"column":25},"end":{"line":128,"column":null}},"57":{"start":{"line":133,"column":28},"end":{"line":133,"column":null}},"58":{"start":{"line":134,"column":30},"end":{"line":134,"column":null}},"59":{"start":{"line":136,"column":12},"end":{"line":164,"column":null}},"60":{"start":{"line":137,"column":36},"end":{"line":137,"column":null}},"61":{"start":{"line":138,"column":30},"end":{"line":138,"column":null}},"62":{"start":{"line":139,"column":32},"end":{"line":139,"column":null}},"63":{"start":{"line":141,"column":16},"end":{"line":163,"column":null}},"64":{"start":{"line":142,"column":20},"end":{"line":162,"column":null}},"65":{"start":{"line":143,"column":41},"end":{"line":148,"column":null}},"66":{"start":{"line":150,"column":24},"end":{"line":161,"column":null}},"67":{"start":{"line":152,"column":46},"end":{"line":152,"column":null}},"68":{"start":{"line":153,"column":28},"end":{"line":157,"column":null}},"69":{"start":{"line":154,"column":32},"end":{"line":154,"column":null}},"70":{"start":{"line":155,"column":28},"end":{"line":157,"column":null}},"71":{"start":{"line":156,"column":32},"end":{"line":156,"column":null}},"72":{"start":{"line":158,"column":28},"end":{"line":158,"column":null}},"73":{"start":{"line":159,"column":24},"end":{"line":161,"column":null}},"74":{"start":{"line":160,"column":28},"end":{"line":160,"column":null}},"75":{"start":{"line":166,"column":12},"end":{"line":166,"column":null}},"76":{"start":{"line":171,"column":4},"end":{"line":188,"column":null}},"77":{"start":{"line":172,"column":33},"end":{"line":172,"column":null}},"78":{"start":{"line":174,"column":8},"end":{"line":187,"column":null}},"79":{"start":{"line":175,"column":30},"end":{"line":175,"column":null}},"80":{"start":{"line":176,"column":12},"end":{"line":186,"column":null}},"81":{"start":{"line":177,"column":36},"end":{"line":177,"column":null}},"82":{"start":{"line":178,"column":34},"end":{"line":178,"column":null}},"83":{"start":{"line":179,"column":16},"end":{"line":185,"column":null}},"84":{"start":{"line":191,"column":26},"end":{"line":191,"column":null}},"85":{"start":{"line":192,"column":17},"end":{"line":192,"column":null}},"86":{"start":{"line":193,"column":4},"end":{"line":199,"column":null}},"87":{"start":{"line":194,"column":20},"end":{"line":194,"column":null}},"88":{"start":{"line":195,"column":8},"end":{"line":198,"column":null}},"89":{"start":{"line":196,"column":12},"end":{"line":196,"column":null}},"90":{"start":{"line":197,"column":12},"end":{"line":197,"column":null}},"91":{"start":{"line":201,"column":4},"end":{"line":201,"column":null}}},"fnMap":{"0":{"name":"initParser","decl":{"start":{"line":17,"column":15},"end":{"line":17,"column":28}},"loc":{"start":{"line":17,"column":28},"end":{"line":22,"column":null}},"line":17},"1":{"name":"getWasmPath","decl":{"start":{"line":24,"column":9},"end":{"line":24,"column":21}},"loc":{"start":{"line":24,"column":47},"end":{"line":33,"column":null}},"line":24},"2":{"name":"getLanguage","decl":{"start":{"line":35,"column":15},"end":{"line":35,"column":27}},"loc":{"start":{"line":35,"column":59},"end":{"line":42,"column":null}},"line":35},"3":{"name":"getLanguageName","decl":{"start":{"line":44,"column":9},"end":{"line":44,"column":25}},"loc":{"start":{"line":44,"column":59},"end":{"line":57,"column":null}},"line":44},"4":{"name":"containsPromptKeyword","decl":{"start":{"line":59,"column":9},"end":{"line":59,"column":31}},"loc":{"start":{"line":59,"column":54},"end":{"line":62,"column":null}},"line":59},"5":{"name":"(anonymous_5)","decl":{"start":{"line":61,"column":25},"end":{"line":61,"column":36}},"loc":{"start":{"line":61,"column":36},"end":{"line":61,"column":77}},"line":61},"6":{"name":"parseFile","decl":{"start":{"line":64,"column":22},"end":{"line":64,"column":32}},"loc":{"start":{"line":64,"column":83},"end":{"line":202,"column":null}},"line":64}},"branchMap":{"0":{"loc":{"start":{"line":18,"column":4},"end":{"line":21,"column":null}},"type":"if","locations":[{"start":{"line":18,"column":4},"end":{"line":21,"column":null}},{"start":{},"end":{}}],"line":18},"1":{"loc":{"start":{"line":37,"column":4},"end":{"line":40,"column":null}},"type":"if","locations":[{"start":{"line":37,"column":4},"end":{"line":40,"column":null}},{"start":{},"end":{}}],"line":37},"2":{"loc":{"start":{"line":45,"column":4},"end":{"line":56,"column":null}},"type":"switch","locations":[{"start":{"line":46,"column":8},"end":{"line":46,"column":null}},{"start":{"line":47,"column":8},"end":{"line":47,"column":null}},{"start":{"line":48,"column":8},"end":{"line":48,"column":null}},{"start":{"line":49,"column":8},"end":{"line":49,"column":null}},{"start":{"line":50,"column":8},"end":{"line":50,"column":null}},{"start":{"line":51,"column":8},"end":{"line":51,"column":null}},{"start":{"line":52,"column":8},"end":{"line":52,"column":null}},{"start":{"line":53,"column":8},"end":{"line":53,"column":null}},{"start":{"line":54,"column":8},"end":{"line":54,"column":null}},{"start":{"line":55,"column":8},"end":{"line":55,"column":null}}],"line":45},"3":{"loc":{"start":{"line":70,"column":4},"end":{"line":78,"column":null}},"type":"if","locations":[{"start":{"line":70,"column":4},"end":{"line":78,"column":null}},{"start":{},"end":{}}],"line":70},"4":{"loc":{"start":{"line":81,"column":4},"end":{"line":118,"column":null}},"type":"if","locations":[{"start":{"line":81,"column":4},"end":{"line":118,"column":null}},{"start":{},"end":{}}],"line":81},"5":{"loc":{"start":{"line":81,"column":8},"end":{"line":81,"column":88}},"type":"binary-expr","locations":[{"start":{"line":81,"column":8},"end":{"line":81,"column":48}},{"start":{"line":81,"column":48},"end":{"line":81,"column":88}}],"line":81},"6":{"loc":{"start":{"line":91,"column":12},"end":{"line":102,"column":null}},"type":"if","locations":[{"start":{"line":91,"column":12},"end":{"line":102,"column":null}},{"start":{},"end":{}}],"line":91},"7":{"loc":{"start":{"line":93,"column":16},"end":{"line":101,"column":null}},"type":"if","locations":[{"start":{"line":93,"column":16},"end":{"line":101,"column":null}},{"start":{},"end":{}}],"line":93},"8":{"loc":{"start":{"line":121,"column":23},"end":{"line":121,"column":null}},"type":"binary-expr","locations":[{"start":{"line":121,"column":23},"end":{"line":121,"column":35}},{"start":{"line":121,"column":35},"end":{"line":121,"column":null}}],"line":121},"9":{"loc":{"start":{"line":123,"column":4},"end":{"line":168,"column":null}},"type":"if","locations":[{"start":{"line":123,"column":4},"end":{"line":168,"column":null}},{"start":{},"end":{}}],"line":123},"10":{"loc":{"start":{"line":136,"column":12},"end":{"line":164,"column":null}},"type":"if","locations":[{"start":{"line":136,"column":12},"end":{"line":164,"column":null}},{"start":{},"end":{}}],"line":136},"11":{"loc":{"start":{"line":150,"column":24},"end":{"line":161,"column":null}},"type":"if","locations":[{"start":{"line":150,"column":24},"end":{"line":161,"column":null}},{"start":{"line":159,"column":24},"end":{"line":161,"column":null}}],"line":150},"12":{"loc":{"start":{"line":150,"column":28},"end":{"line":150,"column":112}},"type":"binary-expr","locations":[{"start":{"line":150,"column":28},"end":{"line":150,"column":70}},{"start":{"line":150,"column":70},"end":{"line":150,"column":112}}],"line":150},"13":{"loc":{"start":{"line":153,"column":28},"end":{"line":157,"column":null}},"type":"if","locations":[{"start":{"line":153,"column":28},"end":{"line":157,"column":null}},{"start":{"line":155,"column":28},"end":{"line":157,"column":null}}],"line":153},"14":{"loc":{"start":{"line":153,"column":32},"end":{"line":153,"column":96}},"type":"binary-expr","locations":[{"start":{"line":153,"column":32},"end":{"line":153,"column":65}},{"start":{"line":153,"column":65},"end":{"line":153,"column":96}}],"line":153},"15":{"loc":{"start":{"line":155,"column":28},"end":{"line":157,"column":null}},"type":"if","locations":[{"start":{"line":155,"column":28},"end":{"line":157,"column":null}},{"start":{},"end":{}}],"line":155},"16":{"loc":{"start":{"line":155,"column":39},"end":{"line":155,"column":130}},"type":"binary-expr","locations":[{"start":{"line":155,"column":39},"end":{"line":155,"column":70}},{"start":{"line":155,"column":70},"end":{"line":155,"column":101}},{"start":{"line":155,"column":101},"end":{"line":155,"column":130}}],"line":155},"17":{"loc":{"start":{"line":159,"column":24},"end":{"line":161,"column":null}},"type":"if","locations":[{"start":{"line":159,"column":24},"end":{"line":161,"column":null}},{"start":{},"end":{}}],"line":159},"18":{"loc":{"start":{"line":171,"column":4},"end":{"line":188,"column":null}},"type":"if","locations":[{"start":{"line":171,"column":4},"end":{"line":188,"column":null}},{"start":{},"end":{}}],"line":171},"19":{"loc":{"start":{"line":171,"column":8},"end":{"line":171,"column":45}},"type":"binary-expr","locations":[{"start":{"line":171,"column":8},"end":{"line":171,"column":32}},{"start":{"line":171,"column":32},"end":{"line":171,"column":45}}],"line":171},"20":{"loc":{"start":{"line":176,"column":12},"end":{"line":186,"column":null}},"type":"if","locations":[{"start":{"line":176,"column":12},"end":{"line":186,"column":null}},{"start":{},"end":{}}],"line":176},"21":{"loc":{"start":{"line":195,"column":8},"end":{"line":198,"column":null}},"type":"if","locations":[{"start":{"line":195,"column":8},"end":{"line":198,"column":null}},{"start":{},"end":{}}],"line":195}},"s":{"0":0,"1":0,"2":0,"3":0,"4":0,"5":0,"6":0,"7":0,"8":0,"9":0,"10":0,"11":0,"12":0,"13":0,"14":0,"15":0,"16":0,"17":0,"18":0,"19":0,"20":0,"21":0,"22":0,"23":0,"24":0,"25":0,"26":0,"27":0,"28":0,"29":0,"30":0,"31":0,"32":0,"33":0,"34":0,"35":0,"36":0,"37":0,"38":0,"39":0,"40":0,"41":0,"42":0,"43":0,"44":0,"45":0,"46":0,"47":0,"48":0,"49":0,"50":0,"51":0,"52":0,"53":0,"54":0,"55":0,"56":0,"57":0,"58":0,"59":0,"60":0,"61":0,"62":0,"63":0,"64":0,"65":0,"66":0,"67":0,"68":0,"69":0,"70":0,"71":0,"72":0,"73":0,"74":0,"75":0,"76":0,"77":0,"78":0,"79":0,"80":0,"81":0,"82":0,"83":0,"84":0,"85":0,"86":0,"87":0,"88":0,"89":0,"90":0,"91":0},"f":{"0":0,"1":0,"2":0,"3":0,"4":0,"5":0,"6":0},"b":{"0":[0,0],"1":[0,0],"2":[0,0,0,0,0,0,0,0,0,0],"3":[0,0],"4":[0,0],"5":[0,0],"6":[0,0],"7":[0,0],"8":[0,0],"9":[0,0],"10":[0,0],"11":[0,0],"12":[0,0],"13":[0,0],"14":[0,0],"15":[0,0],"16":[0,0,0],"17":[0,0],"18":[0,0],"19":[0,0],"20":[0,0],"21":[0,0]},"meta":{"lastBranch":22,"lastFunction":7,"lastStatement":92,"seen":{"s:1:15:1:Infinity":0,"s:9:17:9:Infinity":1,"s:10:29:10:Infinity":2,"s:11:31:11:Infinity":3,"s:14:44:14:Infinity":4,"s:15:24:15:Infinity":5,"f:17:15:17:28":0,"b:18:4:21:Infinity:undefined:undefined:undefined:undefined":0,"s:18:4:21:Infinity":6,"s:19:8:19:Infinity":7,"s:20:8:20:Infinity":8,"f:24:9:24:21":1,"s:26:4:32:Infinity":9,"s:27:25:27:Infinity":10,"s:28:8:28:Infinity":11,"s:31:8:31:Infinity":12,"f:35:15:35:27":2,"s:36:4:36:Infinity":13,"b:37:4:40:Infinity:undefined:undefined:undefined:undefined":1,"s:37:4:40:Infinity":14,"s:38:25:38:Infinity":15,"s:39:8:39:Infinity":16,"s:41:4:41:Infinity":17,"f:44:9:44:25":3,"b:46:8:46:Infinity:47:8:47:Infinity:48:8:48:Infinity:49:8:49:Infinity:50:8:50:Infinity:51:8:51:Infinity:52:8:52:Infinity:53:8:53:Infinity:54:8:54:Infinity:55:8:55:Infinity":2,"s:45:4:56:Infinity":18,"s:46:20:46:Infinity":19,"s:50:21:50:Infinity":20,"s:51:20:51:Infinity":21,"s:52:22:52:Infinity":22,"s:53:20:53:Infinity":23,"s:54:20:54:Infinity":24,"s:55:17:55:Infinity":25,"f:59:9:59:31":4,"s:60:22:60:Infinity":26,"s:61:4:61:Infinity":27,"f:61:25:61:36":5,"s:61:36:61:77":28,"f:64:22:64:32":6,"s:65:44:65:Infinity":29,"s:66:16:66:Infinity":30,"s:67:38:67:Infinity":31,"b:70:4:78:Infinity:undefined:undefined:undefined:undefined":3,"s:70:4:78:Infinity":32,"s:71:8:77:Infinity":33,"b:81:4:118:Infinity:undefined:undefined:undefined:undefined":4,"s:81:4:118:Infinity":34,"b:81:8:81:48:81:48:81:88":5,"s:83:22:83:Infinity":35,"s:84:22:84:Infinity":36,"s:85:25:85:Infinity":37,"s:86:24:86:Infinity":38,"s:89:8:103:Infinity":39,"s:89:21:89:24":40,"s:90:25:90:Infinity":41,"b:91:12:102:Infinity:undefined:undefined:undefined:undefined":6,"s:91:12:102:Infinity":42,"b:93:16:101:Infinity:undefined:undefined:undefined:undefined":7,"s:93:16:101:Infinity":43,"s:94:20:100:Infinity":44,"s:106:28:106:Infinity":45,"s:107:8:117:Infinity":46,"s:108:25:108:Infinity":47,"s:109:36:109:Infinity":48,"s:110:12:116:Infinity":49,"s:121:23:121:Infinity":50,"b:121:23:121:35:121:35:121:Infinity":8,"b:123:4:168:Infinity:undefined:undefined:undefined:undefined":9,"s:123:4:168:Infinity":51,"s:124:8:167:Infinity":52,"s:125:25:125:Infinity":53,"s:126:27:126:Infinity":54,"s:127:12:127:Infinity":55,"s:128:25:128:Infinity":56,"s:133:28:133:Infinity":57,"s:134:30:134:Infinity":58,"b:136:12:164:Infinity:undefined:undefined:undefined:undefined":10,"s:136:12:164:Infinity":59,"s:137:36:137:Infinity":60,"s:138:30:138:Infinity":61,"s:139:32:139:Infinity":62,"s:141:16:163:Infinity":63,"s:142:20:162:Infinity":64,"s:143:41:148:Infinity":65,"b:150:24:161:Infinity:159:24:161:Infinity":11,"s:150:24:161:Infinity":66,"b:150:28:150:70:150:70:150:112":12,"s:152:46:152:Infinity":67,"b:153:28:157:Infinity:155:28:157:Infinity":13,"s:153:28:157:Infinity":68,"b:153:32:153:65:153:65:153:96":14,"s:154:32:154:Infinity":69,"b:155:28:157:Infinity:undefined:undefined:undefined:undefined":15,"s:155:28:157:Infinity":70,"b:155:39:155:70:155:70:155:101:155:101:155:130":16,"s:156:32:156:Infinity":71,"s:158:28:158:Infinity":72,"b:159:24:161:Infinity:undefined:undefined:undefined:undefined":17,"s:159:24:161:Infinity":73,"s:160:28:160:Infinity":74,"s:166:12:166:Infinity":75,"b:171:4:188:Infinity:undefined:undefined:undefined:undefined":18,"s:171:4:188:Infinity":76,"b:171:8:171:32:171:32:171:45":19,"s:172:33:172:Infinity":77,"s:174:8:187:Infinity":78,"s:175:30:175:Infinity":79,"b:176:12:186:Infinity:undefined:undefined:undefined:undefined":20,"s:176:12:186:Infinity":80,"s:177:36:177:Infinity":81,"s:178:34:178:Infinity":82,"s:179:16:185:Infinity":83,"s:191:26:191:Infinity":84,"s:192:17:192:Infinity":85,"s:193:4:199:Infinity":86,"s:194:20:194:Infinity":87,"b:195:8:198:Infinity:undefined:undefined:undefined:undefined":21,"s:195:8:198:Infinity":88,"s:196:12:196:Infinity":89,"s:197:12:197:Infinity":90,"s:201:4:201:Infinity":91}}}
,"/Users/meghalparikh/Downloads/promptsonar/packages/core/src/parser/types.ts": {"path":"/Users/meghalparikh/Downloads/promptsonar/packages/core/src/parser/types.ts","statementMap":{},"fnMap":{},"branchMap":{},"s":{},"f":{},"b":{},"meta":{"lastBranch":0,"lastFunction":0,"lastStatement":0,"seen":{}}}
,"/Users/meghalparikh/Downloads/promptsonar/packages/core/src/rules/best_practices.ts": {"path":"/Users/meghalparikh/Downloads/promptsonar/packages/core/src/rules/best_practices.ts","statementMap":{"0":{"start":{"line":4,"column":32},"end":{"line":4,"column":null}},"1":{"start":{"line":5,"column":22},"end":{"line":5,"column":null}},"2":{"start":{"line":8,"column":31},"end":{"line":8,"column":null}},"3":{"start":{"line":9,"column":4},"end":{"line":18,"column":null}},"4":{"start":{"line":9,"column":38},"end":{"line":9,"column":59}},"5":{"start":{"line":10,"column":8},"end":{"line":17,"column":null}},"6":{"start":{"line":21,"column":30},"end":{"line":21,"column":null}},"7":{"start":{"line":22,"column":4},"end":{"line":31,"column":null}},"8":{"start":{"line":22,"column":37},"end":{"line":22,"column":58}},"9":{"start":{"line":23,"column":8},"end":{"line":30,"column":null}},"10":{"start":{"line":34,"column":26},"end":{"line":34,"column":null}},"11":{"start":{"line":36,"column":4},"end":{"line":45,"column":null}},"12":{"start":{"line":36,"column":60},"end":{"line":36,"column":81}},"13":{"start":{"line":37,"column":8},"end":{"line":44,"column":null}},"14":{"start":{"line":47,"column":4},"end":{"line":47,"column":null}}},"fnMap":{"0":{"name":"checkBestPractices","decl":{"start":{"line":3,"column":16},"end":{"line":3,"column":35}},"loc":{"start":{"line":3,"column":64},"end":{"line":48,"column":null}},"line":3},"1":{"name":"(anonymous_1)","decl":{"start":{"line":9,"column":33},"end":{"line":9,"column":38}},"loc":{"start":{"line":9,"column":38},"end":{"line":9,"column":59}},"line":9},"2":{"name":"(anonymous_2)","decl":{"start":{"line":22,"column":32},"end":{"line":22,"column":37}},"loc":{"start":{"line":22,"column":37},"end":{"line":22,"column":58}},"line":22},"3":{"name":"(anonymous_3)","decl":{"start":{"line":36,"column":55},"end":{"line":36,"column":60}},"loc":{"start":{"line":36,"column":60},"end":{"line":36,"column":81}},"line":36}},"branchMap":{"0":{"loc":{"start":{"line":9,"column":4},"end":{"line":18,"column":null}},"type":"if","locations":[{"start":{"line":9,"column":4},"end":{"line":18,"column":null}},{"start":{},"end":{}}],"line":9},"1":{"loc":{"start":{"line":22,"column":4},"end":{"line":31,"column":null}},"type":"if","locations":[{"start":{"line":22,"column":4},"end":{"line":31,"column":null}},{"start":{},"end":{}}],"line":22},"2":{"loc":{"start":{"line":36,"column":4},"end":{"line":45,"column":null}},"type":"if","locations":[{"start":{"line":36,"column":4},"end":{"line":45,"column":null}},{"start":{},"end":{}}],"line":36},"3":{"loc":{"start":{"line":36,"column":8},"end":{"line":36,"column":84}},"type":"binary-expr","locations":[{"start":{"line":36,"column":8},"end":{"line":36,"column":35}},{"start":{"line":36,"column":35},"end":{"line":36,"column":84}}],"line":36}},"s":{"0":0,"1":0,"2":0,"3":0,"4":0,"5":0,"6":0,"7":0,"8":0,"9":0,"10":0,"11":0,"12":0,"13":0,"14":0},"f":{"0":0,"1":0,"2":0,"3":0},"b":{"0":[0,0],"1":[0,0],"2":[0,0],"3":[0,0]},"meta":{"lastBranch":4,"lastFunction":4,"lastStatement":15,"seen":{"f:3:16:3:35":0,"s:4:32:4:Infinity":0,"s:5:22:5:Infinity":1,"s:8:31:8:Infinity":2,"b:9:4:18:Infinity:undefined:undefined:undefined:undefined":0,"s:9:4:18:Infinity":3,"f:9:33:9:38":1,"s:9:38:9:59":4,"s:10:8:17:Infinity":5,"s:21:30:21:Infinity":6,"b:22:4:31:Infinity:undefined:undefined:undefined:undefined":1,"s:22:4:31:Infinity":7,"f:22:32:22:37":2,"s:22:37:22:58":8,"s:23:8:30:Infinity":9,"s:34:26:34:Infinity":10,"b:36:4:45:Infinity:undefined:undefined:undefined:undefined":2,"s:36:4:45:Infinity":11,"b:36:8:36:35:36:35:36:84":3,"f:36:55:36:60":3,"s:36:60:36:81":12,"s:37:8:44:Infinity":13,"s:47:4:47:Infinity":14}}}
,"/Users/meghalparikh/Downloads/promptsonar/packages/core/src/rules/clarity.ts": {"path":"/Users/meghalparikh/Downloads/promptsonar/packages/core/src/rules/clarity.ts","statementMap":{"0":{"start":{"line":4,"column":32},"end":{"line":4,"column":null}},"1":{"start":{"line":5,"column":22},"end":{"line":5,"column":null}},"2":{"start":{"line":8,"column":26},"end":{"line":8,"column":null}},"3":{"start":{"line":9,"column":24},"end":{"line":9,"column":null}},"4":{"start":{"line":11,"column":28},"end":{"line":11,"column":null}},"5":{"start":{"line":11,"column":58},"end":{"line":11,"column":85}},"6":{"start":{"line":12,"column":26},"end":{"line":12,"column":null}},"7":{"start":{"line":12,"column":48},"end":{"line":12,"column":69}},"8":{"start":{"line":14,"column":4},"end":{"line":23,"column":null}},"9":{"start":{"line":15,"column":8},"end":{"line":22,"column":null}},"10":{"start":{"line":26,"column":29},"end":{"line":26,"column":null}},"11":{"start":{"line":27,"column":4},"end":{"line":38,"column":null}},"12":{"start":{"line":28,"column":8},"end":{"line":37,"column":null}},"13":{"start":{"line":29,"column":12},"end":{"line":36,"column":null}},"14":{"start":{"line":41,"column":24},"end":{"line":41,"column":null}},"15":{"start":{"line":42,"column":4},"end":{"line":54,"column":null}},"16":{"start":{"line":43,"column":22},"end":{"line":43,"column":null}},"17":{"start":{"line":44,"column":8},"end":{"line":53,"column":null}},"18":{"start":{"line":45,"column":12},"end":{"line":52,"column":null}},"19":{"start":{"line":56,"column":4},"end":{"line":56,"column":null}}},"fnMap":{"0":{"name":"checkClarity","decl":{"start":{"line":3,"column":16},"end":{"line":3,"column":29}},"loc":{"start":{"line":3,"column":58},"end":{"line":57,"column":null}},"line":3},"1":{"name":"(anonymous_1)","decl":{"start":{"line":11,"column":47},"end":{"line":11,"column":58}},"loc":{"start":{"line":11,"column":58},"end":{"line":11,"column":85}},"line":11},"2":{"name":"(anonymous_2)","decl":{"start":{"line":12,"column":43},"end":{"line":12,"column":48}},"loc":{"start":{"line":12,"column":48},"end":{"line":12,"column":69}},"line":12}},"branchMap":{"0":{"loc":{"start":{"line":14,"column":4},"end":{"line":23,"column":null}},"type":"if","locations":[{"start":{"line":14,"column":4},"end":{"line":23,"column":null}},{"start":{},"end":{}}],"line":14},"1":{"loc":{"start":{"line":14,"column":8},"end":{"line":14,"column":43}},"type":"binary-expr","locations":[{"start":{"line":14,"column":8},"end":{"line":14,"column":27}},{"start":{"line":14,"column":27},"end":{"line":14,"column":43}}],"line":14},"2":{"loc":{"start":{"line":28,"column":8},"end":{"line":37,"column":null}},"type":"if","locations":[{"start":{"line":28,"column":8},"end":{"line":37,"column":null}},{"start":{},"end":{}}],"line":28},"3":{"loc":{"start":{"line":44,"column":8},"end":{"line":53,"column":null}},"type":"if","locations":[{"start":{"line":44,"column":8},"end":{"line":53,"column":null}},{"start":{},"end":{}}],"line":44}},"s":{"0":0,"1":0,"2":0,"3":0,"4":0,"5":0,"6":0,"7":0,"8":0,"9":0,"10":0,"11":0,"12":0,"13":0,"14":0,"15":0,"16":0,"17":0,"18":0,"19":0},"f":{"0":0,"1":0,"2":0},"b":{"0":[0,0],"1":[0,0],"2":[0,0],"3":[0,0]},"meta":{"lastBranch":4,"lastFunction":3,"lastStatement":20,"seen":{"f:3:16:3:29":0,"s:4:32:4:Infinity":0,"s:5:22:5:Infinity":1,"s:8:26:8:Infinity":2,"s:9:24:9:Infinity":3,"s:11:28:11:Infinity":4,"f:11:47:11:58":1,"s:11:58:11:85":5,"s:12:26:12:Infinity":6,"f:12:43:12:48":2,"s:12:48:12:69":7,"b:14:4:23:Infinity:undefined:undefined:undefined:undefined":0,"s:14:4:23:Infinity":8,"b:14:8:14:27:14:27:14:43":1,"s:15:8:22:Infinity":9,"s:26:29:26:Infinity":10,"s:27:4:38:Infinity":11,"b:28:8:37:Infinity:undefined:undefined:undefined:undefined":2,"s:28:8:37:Infinity":12,"s:29:12:36:Infinity":13,"s:41:24:41:Infinity":14,"s:42:4:54:Infinity":15,"s:43:22:43:Infinity":16,"b:44:8:53:Infinity:undefined:undefined:undefined:undefined":3,"s:44:8:53:Infinity":17,"s:45:12:52:Infinity":18,"s:56:4:56:Infinity":19}}}
,"/Users/meghalparikh/Downloads/promptsonar/packages/core/src/rules/consistency.ts": {"path":"/Users/meghalparikh/Downloads/promptsonar/packages/core/src/rules/consistency.ts","statementMap":{"0":{"start":{"line":3,"column":23},"end":{"line":12,"column":null}},"1":{"start":{"line":15,"column":32},"end":{"line":15,"column":null}},"2":{"start":{"line":16,"column":22},"end":{"line":16,"column":null}},"3":{"start":{"line":18,"column":4},"end":{"line":29,"column":null}},"4":{"start":{"line":19,"column":8},"end":{"line":28,"column":null}},"5":{"start":{"line":20,"column":12},"end":{"line":27,"column":null}},"6":{"start":{"line":31,"column":4},"end":{"line":31,"column":null}}},"fnMap":{"0":{"name":"checkConsistency","decl":{"start":{"line":14,"column":16},"end":{"line":14,"column":33}},"loc":{"start":{"line":14,"column":62},"end":{"line":32,"column":null}},"line":14}},"branchMap":{"0":{"loc":{"start":{"line":19,"column":8},"end":{"line":28,"column":null}},"type":"if","locations":[{"start":{"line":19,"column":8},"end":{"line":28,"column":null}},{"start":{},"end":{}}],"line":19},"1":{"loc":{"start":{"line":19,"column":12},"end":{"line":19,"column":72}},"type":"binary-expr","locations":[{"start":{"line":19,"column":12},"end":{"line":19,"column":43}},{"start":{"line":19,"column":43},"end":{"line":19,"column":72}}],"line":19}},"s":{"0":0,"1":0,"2":0,"3":0,"4":0,"5":0,"6":0},"f":{"0":0},"b":{"0":[0,0],"1":[0,0]},"meta":{"lastBranch":2,"lastFunction":1,"lastStatement":7,"seen":{"s:3:23:12:Infinity":0,"f:14:16:14:33":0,"s:15:32:15:Infinity":1,"s:16:22:16:Infinity":2,"s:18:4:29:Infinity":3,"b:19:8:28:Infinity:undefined:undefined:undefined:undefined":0,"s:19:8:28:Infinity":4,"b:19:12:19:43:19:43:19:72":1,"s:20:12:27:Infinity":5,"s:31:4:31:Infinity":6}}}
,"/Users/meghalparikh/Downloads/promptsonar/packages/core/src/rules/index.ts": {"path":"/Users/meghalparikh/Downloads/promptsonar/packages/core/src/rules/index.ts","statementMap":{"0":{"start":{"line":13,"column":21},"end":{"line":21,"column":null}},"1":{"start":{"line":24,"column":23},"end":{"line":24,"column":null}},"2":{"start":{"line":25,"column":4},"end":{"line":33,"column":null}},"3":{"start":{"line":26,"column":8},"end":{"line":26,"column":null}},"4":{"start":{"line":26,"column":45},"end":{"line":26,"column":null}},"5":{"start":{"line":27,"column":8},"end":{"line":27,"column":null}},"6":{"start":{"line":27,"column":44},"end":{"line":27,"column":null}},"7":{"start":{"line":28,"column":8},"end":{"line":28,"column":null}},"8":{"start":{"line":28,"column":46},"end":{"line":28,"column":null}},"9":{"start":{"line":29,"column":8},"end":{"line":29,"column":null}},"10":{"start":{"line":29,"column":51},"end":{"line":29,"column":null}},"11":{"start":{"line":30,"column":8},"end":{"line":30,"column":null}},"12":{"start":{"line":30,"column":48},"end":{"line":30,"column":null}},"13":{"start":{"line":31,"column":8},"end":{"line":31,"column":null}},"14":{"start":{"line":31,"column":47},"end":{"line":31,"column":null}},"15":{"start":{"line":32,"column":8},"end":{"line":32,"column":null}},"16":{"start":{"line":32,"column":43},"end":{"line":32,"column":null}},"17":{"start":{"line":35,"column":43},"end":{"line":35,"column":null}},"18":{"start":{"line":36,"column":16},"end":{"line":36,"column":null}},"19":{"start":{"line":38,"column":4},"end":{"line":42,"column":null}},"20":{"start":{"line":39,"column":8},"end":{"line":39,"column":null}},"21":{"start":{"line":40,"column":4},"end":{"line":42,"column":null}},"22":{"start":{"line":41,"column":8},"end":{"line":41,"column":null}},"23":{"start":{"line":44,"column":24},"end":{"line":44,"column":null}},"24":{"start":{"line":44,"column":43},"end":{"line":44,"column":68}},"25":{"start":{"line":45,"column":4},"end":{"line":48,"column":null}},"26":{"start":{"line":46,"column":8},"end":{"line":46,"column":null}},"27":{"start":{"line":47,"column":8},"end":{"line":47,"column":null}},"28":{"start":{"line":51,"column":26},"end":{"line":54,"column":null}},"29":{"start":{"line":52,"column":43},"end":{"line":52,"column":null}},"30":{"start":{"line":53,"column":8},"end":{"line":53,"column":null}},"31":{"start":{"line":56,"column":4},"end":{"line":60,"column":null}}},"fnMap":{"0":{"name":"evaluatePrompt","decl":{"start":{"line":12,"column":16},"end":{"line":12,"column":31}},"loc":{"start":{"line":12,"column":79},"end":{"line":61,"column":null}},"line":12},"1":{"name":"(anonymous_1)","decl":{"start":{"line":44,"column":38},"end":{"line":44,"column":43}},"loc":{"start":{"line":44,"column":43},"end":{"line":44,"column":68}},"line":44},"2":{"name":"(anonymous_2)","decl":{"start":{"line":51,"column":39},"end":{"line":51,"column":44}},"loc":{"start":{"line":51,"column":44},"end":{"line":54,"column":5}},"line":51}},"branchMap":{"0":{"loc":{"start":{"line":12,"column":49},"end":{"line":12,"column":79}},"type":"default-arg","locations":[{"start":{"line":12,"column":63},"end":{"line":12,"column":79}}],"line":12},"1":{"loc":{"start":{"line":20,"column":34},"end":{"line":20,"column":74}},"type":"binary-expr","locations":[{"start":{"line":20,"column":34},"end":{"line":20,"column":70}},{"start":{"line":20,"column":70},"end":{"line":20,"column":74}}],"line":20},"2":{"loc":{"start":{"line":26,"column":8},"end":{"line":26,"column":null}},"type":"if","locations":[{"start":{"line":26,"column":8},"end":{"line":26,"column":null}},{"start":{},"end":{}}],"line":26},"3":{"loc":{"start":{"line":26,"column":62},"end":{"line":26,"column":92}},"type":"binary-expr","locations":[{"start":{"line":26,"column":62},"end":{"line":26,"column":87}},{"start":{"line":26,"column":87},"end":{"line":26,"column":92}}],"line":26},"4":{"loc":{"start":{"line":27,"column":8},"end":{"line":27,"column":null}},"type":"if","locations":[{"start":{"line":27,"column":8},"end":{"line":27,"column":null}},{"start":{},"end":{}}],"line":27},"5":{"loc":{"start":{"line":27,"column":61},"end":{"line":27,"column":91}},"type":"binary-expr","locations":[{"start":{"line":27,"column":61},"end":{"line":27,"column":86}},{"start":{"line":27,"column":86},"end":{"line":27,"column":91}}],"line":27},"6":{"loc":{"start":{"line":28,"column":8},"end":{"line":28,"column":null}},"type":"if","locations":[{"start":{"line":28,"column":8},"end":{"line":28,"column":null}},{"start":{},"end":{}}],"line":28},"7":{"loc":{"start":{"line":28,"column":63},"end":{"line":28,"column":93}},"type":"binary-expr","locations":[{"start":{"line":28,"column":63},"end":{"line":28,"column":88}},{"start":{"line":28,"column":88},"end":{"line":28,"column":93}}],"line":28},"8":{"loc":{"start":{"line":29,"column":8},"end":{"line":29,"column":null}},"type":"if","locations":[{"start":{"line":29,"column":8},"end":{"line":29,"column":null}},{"start":{},"end":{}}],"line":29},"9":{"loc":{"start":{"line":29,"column":68},"end":{"line":29,"column":98}},"type":"binary-expr","locations":[{"start":{"line":29,"column":68},"end":{"line":29,"column":93}},{"start":{"line":29,"column":93},"end":{"line":29,"column":98}}],"line":29},"10":{"loc":{"start":{"line":30,"column":8},"end":{"line":30,"column":null}},"type":"if","locations":[{"start":{"line":30,"column":8},"end":{"line":30,"column":null}},{"start":{},"end":{}}],"line":30},"11":{"loc":{"start":{"line":30,"column":65},"end":{"line":30,"column":95}},"type":"binary-expr","locations":[{"start":{"line":30,"column":65},"end":{"line":30,"column":90}},{"start":{"line":30,"column":90},"end":{"line":30,"column":95}}],"line":30},"12":{"loc":{"start":{"line":31,"column":8},"end":{"line":31,"column":null}},"type":"if","locations":[{"start":{"line":31,"column":8},"end":{"line":31,"column":null}},{"start":{},"end":{}}],"line":31},"13":{"loc":{"start":{"line":31,"column":64},"end":{"line":31,"column":94}},"type":"binary-expr","locations":[{"start":{"line":31,"column":64},"end":{"line":31,"column":89}},{"start":{"line":31,"column":89},"end":{"line":31,"column":94}}],"line":31},"14":{"loc":{"start":{"line":32,"column":8},"end":{"line":32,"column":null}},"type":"if","locations":[{"start":{"line":32,"column":8},"end":{"line":32,"column":null}},{"start":{},"end":{}}],"line":32},"15":{"loc":{"start":{"line":32,"column":60},"end":{"line":32,"column":90}},"type":"binary-expr","locations":[{"start":{"line":32,"column":60},"end":{"line":32,"column":85}},{"start":{"line":32,"column":85},"end":{"line":32,"column":90}}],"line":32},"16":{"loc":{"start":{"line":38,"column":4},"end":{"line":42,"column":null}},"type":"if","locations":[{"start":{"line":38,"column":4},"end":{"line":42,"column":null}},{"start":{"line":40,"column":4},"end":{"line":42,"column":null}}],"line":38},"17":{"loc":{"start":{"line":40,"column":4},"end":{"line":42,"column":null}},"type":"if","locations":[{"start":{"line":40,"column":4},"end":{"line":42,"column":null}},{"start":{},"end":{}}],"line":40},"18":{"loc":{"start":{"line":45,"column":4},"end":{"line":48,"column":null}},"type":"if","locations":[{"start":{"line":45,"column":4},"end":{"line":48,"column":null}},{"start":{},"end":{}}],"line":45}},"s":{"0":0,"1":0,"2":0,"3":0,"4":0,"5":0,"6":0,"7":0,"8":0,"9":0,"10":0,"11":0,"12":0,"13":0,"14":0,"15":0,"16":0,"17":0,"18":0,"19":0,"20":0,"21":0,"22":0,"23":0,"24":0,"25":0,"26":0,"27":0,"28":0,"29":0,"30":0,"31":0},"f":{"0":0,"1":0,"2":0},"b":{"0":[0],"1":[0,0],"2":[0,0],"3":[0,0],"4":[0,0],"5":[0,0],"6":[0,0],"7":[0,0],"8":[0,0],"9":[0,0],"10":[0,0],"11":[0,0],"12":[0,0],"13":[0,0],"14":[0,0],"15":[0,0],"16":[0,0],"17":[0,0],"18":[0,0]},"meta":{"lastBranch":19,"lastFunction":3,"lastStatement":32,"seen":{"f:12:16:12:31":0,"b:12:63:12:79":0,"s:13:21:21:Infinity":0,"b:20:34:20:70:20:70:20:74":1,"s:24:23:24:Infinity":1,"s:25:4:33:Infinity":2,"b:26:8:26:Infinity:undefined:undefined:undefined:undefined":2,"s:26:8:26:Infinity":3,"s:26:45:26:Infinity":4,"b:26:62:26:87:26:87:26:92":3,"b:27:8:27:Infinity:undefined:undefined:undefined:undefined":4,"s:27:8:27:Infinity":5,"s:27:44:27:Infinity":6,"b:27:61:27:86:27:86:27:91":5,"b:28:8:28:Infinity:undefined:undefined:undefined:undefined":6,"s:28:8:28:Infinity":7,"s:28:46:28:Infinity":8,"b:28:63:28:88:28:88:28:93":7,"b:29:8:29:Infinity:undefined:undefined:undefined:undefined":8,"s:29:8:29:Infinity":9,"s:29:51:29:Infinity":10,"b:29:68:29:93:29:93:29:98":9,"b:30:8:30:Infinity:undefined:undefined:undefined:undefined":10,"s:30:8:30:Infinity":11,"s:30:48:30:Infinity":12,"b:30:65:30:90:30:90:30:95":11,"b:31:8:31:Infinity:undefined:undefined:undefined:undefined":12,"s:31:8:31:Infinity":13,"s:31:47:31:Infinity":14,"b:31:64:31:89:31:89:31:94":13,"b:32:8:32:Infinity:undefined:undefined:undefined:undefined":14,"s:32:8:32:Infinity":15,"s:32:43:32:Infinity":16,"b:32:60:32:85:32:85:32:90":15,"s:35:43:35:Infinity":17,"s:36:16:36:Infinity":18,"b:38:4:42:Infinity:40:4:42:Infinity":16,"s:38:4:42:Infinity":19,"s:39:8:39:Infinity":20,"b:40:4:42:Infinity:undefined:undefined:undefined:undefined":17,"s:40:4:42:Infinity":21,"s:41:8:41:Infinity":22,"s:44:24:44:Infinity":23,"f:44:38:44:43":1,"s:44:43:44:68":24,"b:45:4:48:Infinity:undefined:undefined:undefined:undefined":18,"s:45:4:48:Infinity":25,"s:46:8:46:Infinity":26,"s:47:8:47:Infinity":27,"s:51:26:54:Infinity":28,"f:51:39:51:44":2,"s:52:43:52:Infinity":29,"s:53:8:53:Infinity":30,"s:56:4:60:Infinity":31}}}
,"/Users/meghalparikh/Downloads/promptsonar/packages/core/src/rules/structure.ts": {"path":"/Users/meghalparikh/Downloads/promptsonar/packages/core/src/rules/structure.ts","statementMap":{"0":{"start":{"line":4,"column":32},"end":{"line":4,"column":null}},"1":{"start":{"line":5,"column":22},"end":{"line":5,"column":null}},"2":{"start":{"line":7,"column":24},"end":{"line":7,"column":null}},"3":{"start":{"line":8,"column":28},"end":{"line":8,"column":null}},"4":{"start":{"line":10,"column":24},"end":{"line":10,"column":null}},"5":{"start":{"line":10,"column":46},"end":{"line":10,"column":67}},"6":{"start":{"line":11,"column":27},"end":{"line":11,"column":null}},"7":{"start":{"line":11,"column":53},"end":{"line":11,"column":74}},"8":{"start":{"line":13,"column":4},"end":{"line":22,"column":null}},"9":{"start":{"line":14,"column":8},"end":{"line":21,"column":null}},"10":{"start":{"line":24,"column":4},"end":{"line":24,"column":null}}},"fnMap":{"0":{"name":"checkStructure","decl":{"start":{"line":3,"column":16},"end":{"line":3,"column":31}},"loc":{"start":{"line":3,"column":60},"end":{"line":25,"column":null}},"line":3},"1":{"name":"(anonymous_1)","decl":{"start":{"line":10,"column":41},"end":{"line":10,"column":46}},"loc":{"start":{"line":10,"column":46},"end":{"line":10,"column":67}},"line":10},"2":{"name":"(anonymous_2)","decl":{"start":{"line":11,"column":48},"end":{"line":11,"column":53}},"loc":{"start":{"line":11,"column":53},"end":{"line":11,"column":74}},"line":11}},"branchMap":{"0":{"loc":{"start":{"line":13,"column":4},"end":{"line":22,"column":null}},"type":"if","locations":[{"start":{"line":13,"column":4},"end":{"line":22,"column":null}},{"start":{},"end":{}}],"line":13},"1":{"loc":{"start":{"line":13,"column":8},"end":{"line":13,"column":40}},"type":"binary-expr","locations":[{"start":{"line":13,"column":8},"end":{"line":13,"column":23}},{"start":{"line":13,"column":23},"end":{"line":13,"column":40}}],"line":13}},"s":{"0":0,"1":0,"2":0,"3":0,"4":0,"5":0,"6":0,"7":0,"8":0,"9":0,"10":0},"f":{"0":0,"1":0,"2":0},"b":{"0":[0,0],"1":[0,0]},"meta":{"lastBranch":2,"lastFunction":3,"lastStatement":11,"seen":{"f:3:16:3:31":0,"s:4:32:4:Infinity":0,"s:5:22:5:Infinity":1,"s:7:24:7:Infinity":2,"s:8:28:8:Infinity":3,"s:10:24:10:Infinity":4,"f:10:41:10:46":1,"s:10:46:10:67":5,"s:11:27:11:Infinity":6,"f:11:48:11:53":2,"s:11:53:11:74":7,"b:13:4:22:Infinity:undefined:undefined:undefined:undefined":0,"s:13:4:22:Infinity":8,"b:13:8:13:23:13:23:13:40":1,"s:14:8:21:Infinity":9,"s:24:4:24:Infinity":10}}}
,"/Users/meghalparikh/Downloads/promptsonar/packages/core/src/rules/types.ts": {"path":"/Users/meghalparikh/Downloads/promptsonar/packages/core/src/rules/types.ts","statementMap":{},"fnMap":{},"branchMap":{},"s":{},"f":{},"b":{},"meta":{"lastBranch":0,"lastFunction":0,"lastStatement":0,"seen":{}}}
,"/Users/meghalparikh/Downloads/promptsonar/packages/core/src/rules/efficiency/token_limit.ts": {"path":"/Users/meghalparikh/Downloads/promptsonar/packages/core/src/rules/efficiency/token_limit.ts","statementMap":{"0":{"start":{"line":4,"column":32},"end":{"line":4,"column":null}},"1":{"start":{"line":6,"column":28},"end":{"line":6,"column":null}},"2":{"start":{"line":8,"column":4},"end":{"line":17,"column":null}},"3":{"start":{"line":9,"column":8},"end":{"line":16,"column":null}},"4":{"start":{"line":19,"column":4},"end":{"line":28,"column":null}},"5":{"start":{"line":20,"column":8},"end":{"line":27,"column":null}},"6":{"start":{"line":31,"column":18},"end":{"line":31,"column":null}},"7":{"start":{"line":32,"column":4},"end":{"line":41,"column":null}},"8":{"start":{"line":33,"column":8},"end":{"line":40,"column":null}},"9":{"start":{"line":43,"column":4},"end":{"line":43,"column":null}}},"fnMap":{"0":{"name":"checkTokenLimit","decl":{"start":{"line":3,"column":16},"end":{"line":3,"column":32}},"loc":{"start":{"line":3,"column":89},"end":{"line":44,"column":null}},"line":3}},"branchMap":{"0":{"loc":{"start":{"line":3,"column":50},"end":{"line":3,"column":89}},"type":"default-arg","locations":[{"start":{"line":3,"column":72},"end":{"line":3,"column":89}}],"line":3},"1":{"loc":{"start":{"line":8,"column":4},"end":{"line":17,"column":null}},"type":"if","locations":[{"start":{"line":8,"column":4},"end":{"line":17,"column":null}},{"start":{},"end":{}}],"line":8},"2":{"loc":{"start":{"line":19,"column":4},"end":{"line":28,"column":null}},"type":"if","locations":[{"start":{"line":19,"column":4},"end":{"line":28,"column":null}},{"start":{},"end":{}}],"line":19},"3":{"loc":{"start":{"line":32,"column":4},"end":{"line":41,"column":null}},"type":"if","locations":[{"start":{"line":32,"column":4},"end":{"line":41,"column":null}},{"start":{},"end":{}}],"line":32}},"s":{"0":0,"1":0,"2":0,"3":0,"4":0,"5":0,"6":0,"7":0,"8":0,"9":0},"f":{"0":0},"b":{"0":[0],"1":[0,0],"2":[0,0],"3":[0,0]},"meta":{"lastBranch":4,"lastFunction":1,"lastStatement":10,"seen":{"f:3:16:3:32":0,"b:3:72:3:89":0,"s:4:32:4:Infinity":0,"s:6:28:6:Infinity":1,"b:8:4:17:Infinity:undefined:undefined:undefined:undefined":1,"s:8:4:17:Infinity":2,"s:9:8:16:Infinity":3,"b:19:4:28:Infinity:undefined:undefined:undefined:undefined":2,"s:19:4:28:Infinity":4,"s:20:8:27:Infinity":5,"s:31:18:31:Infinity":6,"b:32:4:41:Infinity:undefined:undefined:undefined:undefined":3,"s:32:4:41:Infinity":7,"s:33:8:40:Infinity":8,"s:43:4:43:Infinity":9}}}
,"/Users/meghalparikh/Downloads/promptsonar/packages/core/src/rules/security/owasp_patterns.ts": {"path":"/Users/meghalparikh/Downloads/promptsonar/packages/core/src/rules/security/owasp_patterns.ts","statementMap":{"0":{"start":{"line":3,"column":36},"end":{"line":39,"column":null}},"1":{"start":{"line":43,"column":32},"end":{"line":43,"column":null}},"2":{"start":{"line":46,"column":25},"end":{"line":46,"column":null}},"3":{"start":{"line":49,"column":24},"end":{"line":49,"column":null}},"4":{"start":{"line":50,"column":4},"end":{"line":58,"column":null}},"5":{"start":{"line":51,"column":8},"end":{"line":56,"column":null}},"6":{"start":{"line":52,"column":28},"end":{"line":52,"column":null}},"7":{"start":{"line":53,"column":12},"end":{"line":55,"column":null}},"8":{"start":{"line":54,"column":16},"end":{"line":54,"column":null}},"9":{"start":{"line":57,"column":8},"end":{"line":57,"column":null}},"10":{"start":{"line":61,"column":25},"end":{"line":63,"column":null}},"11":{"start":{"line":64,"column":4},"end":{"line":64,"column":null}},"12":{"start":{"line":64,"column":58},"end":{"line":64,"column":113}},"13":{"start":{"line":66,"column":4},"end":{"line":77,"column":null}},"14":{"start":{"line":67,"column":8},"end":{"line":76,"column":null}},"15":{"start":{"line":68,"column":12},"end":{"line":75,"column":null}},"16":{"start":{"line":79,"column":33},"end":{"line":79,"column":null}},"17":{"start":{"line":80,"column":4},"end":{"line":89,"column":null}},"18":{"start":{"line":81,"column":8},"end":{"line":88,"column":null}},"19":{"start":{"line":91,"column":39},"end":{"line":91,"column":null}},"20":{"start":{"line":92,"column":4},"end":{"line":101,"column":null}},"21":{"start":{"line":93,"column":8},"end":{"line":100,"column":null}},"22":{"start":{"line":103,"column":10},"end":{"line":103,"column":null}},"23":{"start":{"line":104,"column":4},"end":{"line":113,"column":null}},"24":{"start":{"line":105,"column":8},"end":{"line":112,"column":null}},"25":{"start":{"line":116,"column":27},"end":{"line":116,"column":null}},"26":{"start":{"line":117,"column":17},"end":{"line":117,"column":null}},"27":{"start":{"line":118,"column":4},"end":{"line":124,"column":null}},"28":{"start":{"line":119,"column":20},"end":{"line":119,"column":null}},"29":{"start":{"line":120,"column":8},"end":{"line":123,"column":null}},"30":{"start":{"line":121,"column":12},"end":{"line":121,"column":null}},"31":{"start":{"line":122,"column":12},"end":{"line":122,"column":null}},"32":{"start":{"line":126,"column":4},"end":{"line":126,"column":null}}},"fnMap":{"0":{"name":"checkOwaspPatterns","decl":{"start":{"line":42,"column":16},"end":{"line":42,"column":35}},"loc":{"start":{"line":42,"column":64},"end":{"line":127,"column":null}},"line":42},"1":{"name":"(anonymous_1)","decl":{"start":{"line":50,"column":57},"end":{"line":50,"column":58}},"loc":{"start":{"line":50,"column":68},"end":{"line":58,"column":5}},"line":50},"2":{"name":"(anonymous_2)","decl":{"start":{"line":64,"column":50},"end":{"line":64,"column":58}},"loc":{"start":{"line":64,"column":58},"end":{"line":64,"column":113}},"line":64}},"branchMap":{"0":{"loc":{"start":{"line":53,"column":12},"end":{"line":55,"column":null}},"type":"if","locations":[{"start":{"line":53,"column":12},"end":{"line":55,"column":null}},{"start":{},"end":{}}],"line":53},"1":{"loc":{"start":{"line":64,"column":58},"end":{"line":64,"column":113}},"type":"binary-expr","locations":[{"start":{"line":64,"column":58},"end":{"line":64,"column":109}},{"start":{"line":64,"column":109},"end":{"line":64,"column":113}}],"line":64},"2":{"loc":{"start":{"line":67,"column":8},"end":{"line":76,"column":null}},"type":"if","locations":[{"start":{"line":67,"column":8},"end":{"line":76,"column":null}},{"start":{},"end":{}}],"line":67},"3":{"loc":{"start":{"line":80,"column":4},"end":{"line":89,"column":null}},"type":"if","locations":[{"start":{"line":80,"column":4},"end":{"line":89,"column":null}},{"start":{},"end":{}}],"line":80},"4":{"loc":{"start":{"line":92,"column":4},"end":{"line":101,"column":null}},"type":"if","locations":[{"start":{"line":92,"column":4},"end":{"line":101,"column":null}},{"start":{},"end":{}}],"line":92},"5":{"loc":{"start":{"line":103,"column":27},"end":{"line":103,"column":74}},"type":"binary-expr","locations":[{"start":{"line":103,"column":27},"end":{"line":103,"column":70}},{"start":{"line":103,"column":70},"end":{"line":103,"column":74}}],"line":103},"6":{"loc":{"start":{"line":104,"column":4},"end":{"line":113,"column":null}},"type":"if","locations":[{"start":{"line":104,"column":4},"end":{"line":113,"column":null}},{"start":{},"end":{}}],"line":104},"7":{"loc":{"start":{"line":104,"column":8},"end":{"line":104,"column":88}},"type":"binary-expr","locations":[{"start":{"line":104,"column":8},"end":{"line":104,"column":30}},{"start":{"line":104,"column":30},"end":{"line":104,"column":88}}],"line":104},"8":{"loc":{"start":{"line":120,"column":8},"end":{"line":123,"column":null}},"type":"if","locations":[{"start":{"line":120,"column":8},"end":{"line":123,"column":null}},{"start":{},"end":{}}],"line":120}},"s":{"0":0,"1":0,"2":0,"3":0,"4":0,"5":0,"6":0,"7":0,"8":0,"9":0,"10":0,"11":0,"12":0,"13":0,"14":0,"15":0,"16":0,"17":0,"18":0,"19":0,"20":0,"21":0,"22":0,"23":0,"24":0,"25":0,"26":0,"27":0,"28":0,"29":0,"30":0,"31":0,"32":0},"f":{"0":0,"1":0,"2":0},"b":{"0":[0,0],"1":[0,0],"2":[0,0],"3":[0,0],"4":[0,0],"5":[0,0],"6":[0,0],"7":[0,0],"8":[0,0]},"meta":{"lastBranch":9,"lastFunction":3,"lastStatement":33,"seen":{"s:3:36:39:Infinity":0,"f:42:16:42:35":0,"s:43:32:43:Infinity":1,"s:46:25:46:Infinity":2,"s:49:24:49:Infinity":3,"s:50:4:58:Infinity":4,"f:50:57:50:58":1,"s:51:8:56:Infinity":5,"s:52:28:52:Infinity":6,"b:53:12:55:Infinity:undefined:undefined:undefined:undefined":0,"s:53:12:55:Infinity":7,"s:54:16:54:Infinity":8,"s:57:8:57:Infinity":9,"s:61:25:63:Infinity":10,"s:64:4:64:Infinity":11,"f:64:50:64:58":2,"s:64:58:64:113":12,"b:64:58:64:109:64:109:64:113":1,"s:66:4:77:Infinity":13,"b:67:8:76:Infinity:undefined:undefined:undefined:undefined":2,"s:67:8:76:Infinity":14,"s:68:12:75:Infinity":15,"s:79:33:79:Infinity":16,"b:80:4:89:Infinity:undefined:undefined:undefined:undefined":3,"s:80:4:89:Infinity":17,"s:81:8:88:Infinity":18,"s:91:39:91:Infinity":19,"b:92:4:101:Infinity:undefined:undefined:undefined:undefined":4,"s:92:4:101:Infinity":20,"s:93:8:100:Infinity":21,"s:103:10:103:Infinity":22,"b:103:27:103:70:103:70:103:74":5,"b:104:4:113:Infinity:undefined:undefined:undefined:undefined":6,"s:104:4:113:Infinity":23,"b:104:8:104:30:104:30:104:88":7,"s:105:8:112:Infinity":24,"s:116:27:116:Infinity":25,"s:117:17:117:Infinity":26,"s:118:4:124:Infinity":27,"s:119:20:119:Infinity":28,"b:120:8:123:Infinity:undefined:undefined:undefined:undefined":8,"s:120:8:123:Infinity":29,"s:121:12:121:Infinity":30,"s:122:12:122:Infinity":31,"s:126:4:126:Infinity":32}}}
,"/Users/meghalparikh/Downloads/promptsonar/packages/core/src/rules/security/pii.ts": {"path":"/Users/meghalparikh/Downloads/promptsonar/packages/core/src/rules/security/pii.ts","statementMap":{"0":{"start":{"line":3,"column":20},"end":{"line":10,"column":null}},"1":{"start":{"line":13,"column":32},"end":{"line":13,"column":null}},"2":{"start":{"line":15,"column":4},"end":{"line":26,"column":null}},"3":{"start":{"line":16,"column":8},"end":{"line":25,"column":null}},"4":{"start":{"line":17,"column":12},"end":{"line":24,"column":null}},"5":{"start":{"line":28,"column":4},"end":{"line":28,"column":null}}},"fnMap":{"0":{"name":"checkPii","decl":{"start":{"line":12,"column":16},"end":{"line":12,"column":25}},"loc":{"start":{"line":12,"column":54},"end":{"line":29,"column":null}},"line":12}},"branchMap":{"0":{"loc":{"start":{"line":16,"column":8},"end":{"line":25,"column":null}},"type":"if","locations":[{"start":{"line":16,"column":8},"end":{"line":25,"column":null}},{"start":{},"end":{}}],"line":16}},"s":{"0":0,"1":0,"2":0,"3":0,"4":0,"5":0},"f":{"0":0},"b":{"0":[0,0]},"meta":{"lastBranch":1,"lastFunction":1,"lastStatement":6,"seen":{"s:3:20:10:Infinity":0,"f:12:16:12:25":0,"s:13:32:13:Infinity":1,"s:15:4:26:Infinity":2,"b:16:8:25:Infinity:undefined:undefined:undefined:undefined":0,"s:16:8:25:Infinity":3,"s:17:12:24:Infinity":4,"s:28:4:28:Infinity":5}}}
}
