{"/Users/meghalparikh/Downloads/promptsonar/packages/core/src/index.ts": {"path":"/Users/meghalparikh/Downloads/promptsonar/packages/core/src/index.ts","statementMap":{},"fnMap":{},"branchMap":{},"s":{},"f":{},"b":{},"meta":{"lastBranch":0,"lastFunction":0,"lastStatement":0,"seen":{}}}
,"/Users/meghalparikh/Downloads/promptsonar/packages/core/src/waiver.ts": {"path":"/Users/meghalparikh/Downloads/promptsonar/packages/core/src/waiver.ts","statementMap":{"0":{"start":{"line":7,"column":26},"end":{"line":17,"column":null}},"1":{"start":{"line":13,"column":20},"end":{"line":13,"column":null}},"2":{"start":{"line":14,"column":8},"end":{"line":14,"column":null}},"3":{"start":{"line":19,"column":21},"end":{"line":30,"column":null}},"4":{"start":{"line":32,"column":25},"end":{"line":34,"column":null}},"5":{"start":{"line":53,"column":29},"end":{"line":53,"column":null}},"6":{"start":{"line":55,"column":4},"end":{"line":57,"column":null}},"7":{"start":{"line":56,"column":8},"end":{"line":56,"column":null}},"8":{"start":{"line":59,"column":16},"end":{"line":59,"column":null}},"9":{"start":{"line":62,"column":4},"end":{"line":66,"column":null}},"10":{"start":{"line":63,"column":8},"end":{"line":63,"column":null}},"11":{"start":{"line":65,"column":8},"end":{"line":65,"column":null}},"12":{"start":{"line":68,"column":19},"end":{"line":68,"column":null}},"13":{"start":{"line":70,"column":4},"end":{"line":75,"column":null}},"14":{"start":{"line":71,"column":8},"end":{"line":73,"column":null}},"15":{"start":{"line":72,"column":12},"end":{"line":72,"column":null}},"16":{"start":{"line":74,"column":8},"end":{"line":74,"column":null}},"17":{"start":{"line":77,"column":4},"end":{"line":77,"column":null}},"18":{"start":{"line":84,"column":16},"end":{"line":84,"column":null}},"19":{"start":{"line":86,"column":4},"end":{"line":94,"column":null}},"20":{"start":{"line":87,"column":8},"end":{"line":87,"column":null}},"21":{"start":{"line":87,"column":35},"end":{"line":87,"column":null}},"22":{"start":{"line":90,"column":26},"end":{"line":90,"column":null}},"23":{"start":{"line":91,"column":8},"end":{"line":91,"column":null}},"24":{"start":{"line":91,"column":29},"end":{"line":91,"column":null}},"25":{"start":{"line":93,"column":8},"end":{"line":93,"column":null}},"26":{"start":{"line":105,"column":4},"end":{"line":125,"column":null}},"27":{"start":{"line":106,"column":22},"end":{"line":106,"column":null}},"28":{"start":{"line":109,"column":8},"end":{"line":111,"column":null}},"29":{"start":{"line":110,"column":12},"end":{"line":110,"column":null}},"30":{"start":{"line":114,"column":8},"end":{"line":122,"column":null}},"31":{"start":{"line":115,"column":28},"end":{"line":115,"column":null}},"32":{"start":{"line":116,"column":12},"end":{"line":121,"column":null}},"33":{"start":{"line":117,"column":31},"end":{"line":117,"column":null}},"34":{"start":{"line":118,"column":16},"end":{"line":118,"column":null}},"35":{"start":{"line":118,"column":47},"end":{"line":118,"column":null}},"36":{"start":{"line":119,"column":12},"end":{"line":121,"column":null}},"37":{"start":{"line":120,"column":16},"end":{"line":120,"column":null}},"38":{"start":{"line":127,"column":4},"end":{"line":127,"column":null}}},"fnMap":{"0":{"name":"(anonymous_0)","decl":{"start":{"line":12,"column":4},"end":{"line":12,"column":5}},"loc":{"start":{"line":12,"column":14},"end":{"line":15,"column":null}},"line":12},"1":{"name":"loadWaivers","decl":{"start":{"line":52,"column":16},"end":{"line":52,"column":28}},"loc":{"start":{"line":52,"column":64},"end":{"line":78,"column":null}},"line":52},"2":{"name":"getActiveWaivers","decl":{"start":{"line":83,"column":16},"end":{"line":83,"column":33}},"loc":{"start":{"line":83,"column":62},"end":{"line":95,"column":null}},"line":83},"3":{"name":"(anonymous_3)","decl":{"start":{"line":86,"column":26},"end":{"line":86,"column":31}},"loc":{"start":{"line":86,"column":31},"end":{"line":94,"column":5}},"line":86},"4":{"name":"isFindingWaived","decl":{"start":{"line":100,"column":16},"end":{"line":100,"column":null}},"loc":{"start":{"line":104,"column":11},"end":{"line":128,"column":null}},"line":104}},"branchMap":{"0":{"loc":{"start":{"line":55,"column":4},"end":{"line":57,"column":null}},"type":"if","locations":[{"start":{"line":55,"column":4},"end":{"line":57,"column":null}},{"start":{},"end":{}}],"line":55},"1":{"loc":{"start":{"line":70,"column":4},"end":{"line":75,"column":null}},"type":"if","locations":[{"start":{"line":70,"column":4},"end":{"line":75,"column":null}},{"start":{},"end":{}}],"line":70},"2":{"loc":{"start":{"line":87,"column":8},"end":{"line":87,"column":null}},"type":"if","locations":[{"start":{"line":87,"column":8},"end":{"line":87,"column":null}},{"start":{},"end":{}}],"line":87},"3":{"loc":{"start":{"line":91,"column":8},"end":{"line":91,"column":null}},"type":"if","locations":[{"start":{"line":91,"column":8},"end":{"line":91,"column":null}},{"start":{},"end":{}}],"line":91},"4":{"loc":{"start":{"line":109,"column":8},"end":{"line":111,"column":null}},"type":"if","locations":[{"start":{"line":109,"column":8},"end":{"line":111,"column":null}},{"start":{},"end":{}}],"line":109},"5":{"loc":{"start":{"line":109,"column":12},"end":{"line":109,"column":55}},"type":"binary-expr","locations":[{"start":{"line":109,"column":12},"end":{"line":109,"column":29}},{"start":{"line":109,"column":29},"end":{"line":109,"column":55}}],"line":109},"6":{"loc":{"start":{"line":114,"column":8},"end":{"line":122,"column":null}},"type":"if","locations":[{"start":{"line":114,"column":8},"end":{"line":122,"column":null}},{"start":{},"end":{}}],"line":114},"7":{"loc":{"start":{"line":116,"column":12},"end":{"line":121,"column":null}},"type":"if","locations":[{"start":{"line":116,"column":12},"end":{"line":121,"column":null}},{"start":{"line":119,"column":12},"end":{"line":121,"column":null}}],"line":116},"8":{"loc":{"start":{"line":118,"column":16},"end":{"line":118,"column":null}},"type":"if","locations":[{"start":{"line":118,"column":16},"end":{"line":118,"column":null}},{"start":{},"end":{}}],"line":118},"9":{"loc":{"start":{"line":119,"column":12},"end":{"line":121,"column":null}},"type":"if","locations":[{"start":{"line":119,"column":12},"end":{"line":121,"column":null}},{"start":{},"end":{}}],"line":119}},"s":{"0":0,"1":0,"2":0,"3":0,"4":0,"5":0,"6":0,"7":0,"8":0,"9":0,"10":0,"11":0,"12":0,"13":0,"14":0,"15":0,"16":0,"17":0,"18":0,"19":0,"20":0,"21":0,"22":0,"23":0,"24":0,"25":0,"26":0,"27":0,"28":0,"29":0,"30":0,"31":0,"32":0,"33":0,"34":0,"35":0,"36":0,"37":0,"38":0},"f":{"0":0,"1":0,"2":0,"3":0,"4":0},"b":{"0":[0,0],"1":[0,0],"2":[0,0],"3":[0,0],"4":[0,0],"5":[0,0],"6":[0,0],"7":[0,0],"8":[0,0],"9":[0,0]},"meta":{"lastBranch":10,"lastFunction":5,"lastStatement":39,"seen":{"s:7:26:17:Infinity":0,"f:12:4:12:5":0,"s:13:20:13:Infinity":1,"s:14:8:14:Infinity":2,"s:19:21:30:Infinity":3,"s:32:25:34:Infinity":4,"f:52:16:52:28":1,"s:53:29:53:Infinity":5,"b:55:4:57:Infinity:undefined:undefined:undefined:undefined":0,"s:55:4:57:Infinity":6,"s:56:8:56:Infinity":7,"s:59:16:59:Infinity":8,"s:62:4:66:Infinity":9,"s:63:8:63:Infinity":10,"s:65:8:65:Infinity":11,"s:68:19:68:Infinity":12,"b:70:4:75:Infinity:undefined:undefined:undefined:undefined":1,"s:70:4:75:Infinity":13,"s:71:8:73:Infinity":14,"s:72:12:72:Infinity":15,"s:74:8:74:Infinity":16,"s:77:4:77:Infinity":17,"f:83:16:83:33":2,"s:84:16:84:Infinity":18,"s:86:4:94:Infinity":19,"f:86:26:86:31":3,"b:87:8:87:Infinity:undefined:undefined:undefined:undefined":2,"s:87:8:87:Infinity":20,"s:87:35:87:Infinity":21,"s:90:26:90:Infinity":22,"b:91:8:91:Infinity:undefined:undefined:undefined:undefined":3,"s:91:8:91:Infinity":23,"s:91:29:91:Infinity":24,"s:93:8:93:Infinity":25,"f:100:16:100:Infinity":4,"s:105:4:125:Infinity":26,"s:106:22:106:Infinity":27,"b:109:8:111:Infinity:undefined:undefined:undefined:undefined":4,"s:109:8:111:Infinity":28,"b:109:12:109:29:109:29:109:55":5,"s:110:12:110:Infinity":29,"b:114:8:122:Infinity:undefined:undefined:undefined:undefined":6,"s:114:8:122:Infinity":30,"s:115:28:115:Infinity":31,"b:116:12:121:Infinity:119:12:121:Infinity":7,"s:116:12:121:Infinity":32,"s:117:31:117:Infinity":33,"b:118:16:118:Infinity:undefined:undefined:undefined:undefined":8,"s:118:16:118:Infinity":34,"s:118:47:118:Infinity":35,"b:119:12:121:Infinity:undefined:undefined:undefined:undefined":9,"s:119:12:121:Infinity":36,"s:120:16:120:Infinity":37,"s:127:4:127:Infinity":38}}}
,"/Users/meghalparikh/Downloads/promptsonar/packages/core/src/formatter/sarif.ts": {"path":"/Users/meghalparikh/Downloads/promptsonar/packages/core/src/formatter/sarif.ts","statementMap":{"0":{"start":{"line":4,"column":24},"end":{"line":19,"column":null}},"1":{"start":{"line":21,"column":21},"end":{"line":21,"column":null}},"2":{"start":{"line":23,"column":4},"end":{"line":74,"column":null}},"3":{"start":{"line":25,"column":8},"end":{"line":43,"column":null}},"4":{"start":{"line":26,"column":12},"end":{"line":26,"column":null}},"5":{"start":{"line":27,"column":12},"end":{"line":42,"column":null}},"6":{"start":{"line":47,"column":20},"end":{"line":47,"column":null}},"7":{"start":{"line":48,"column":8},"end":{"line":49,"column":null}},"8":{"start":{"line":48,"column":64},"end":{"line":48,"column":null}},"9":{"start":{"line":48,"column":72},"end":{"line":49,"column":null}},"10":{"start":{"line":49,"column":42},"end":{"line":49,"column":null}},"11":{"start":{"line":51,"column":8},"end":{"line":73,"column":null}},"12":{"start":{"line":76,"column":4},"end":{"line":76,"column":null}}},"fnMap":{"0":{"name":"formatToSarif","decl":{"start":{"line":3,"column":16},"end":{"line":3,"column":30}},"loc":{"start":{"line":3,"column":77},"end":{"line":77,"column":null}},"line":3},"1":{"name":"(anonymous_1)","decl":{"start":{"line":23,"column":21},"end":{"line":23,"column":26}},"loc":{"start":{"line":23,"column":26},"end":{"line":74,"column":5}},"line":23}},"branchMap":{"0":{"loc":{"start":{"line":25,"column":8},"end":{"line":43,"column":null}},"type":"if","locations":[{"start":{"line":25,"column":8},"end":{"line":43,"column":null}},{"start":{},"end":{}}],"line":25},"1":{"loc":{"start":{"line":36,"column":26},"end":{"line":36,"column":null}},"type":"binary-expr","locations":[{"start":{"line":36,"column":26},"end":{"line":36,"column":45}},{"start":{"line":36,"column":45},"end":{"line":36,"column":null}}],"line":36},"2":{"loc":{"start":{"line":48,"column":8},"end":{"line":49,"column":null}},"type":"if","locations":[{"start":{"line":48,"column":8},"end":{"line":49,"column":null}},{"start":{"line":48,"column":72},"end":{"line":49,"column":null}}],"line":48},"3":{"loc":{"start":{"line":48,"column":12},"end":{"line":48,"column":64}},"type":"binary-expr","locations":[{"start":{"line":48,"column":12},"end":{"line":48,"column":41}},{"start":{"line":48,"column":41},"end":{"line":48,"column":64}}],"line":48},"4":{"loc":{"start":{"line":48,"column":72},"end":{"line":49,"column":null}},"type":"if","locations":[{"start":{"line":48,"column":72},"end":{"line":49,"column":null}},{"start":{},"end":{}}],"line":48},"5":{"loc":{"start":{"line":55,"column":52},"end":{"line":55,"column":null}},"type":"binary-expr","locations":[{"start":{"line":55,"column":52},"end":{"line":55,"column":71}},{"start":{"line":55,"column":71},"end":{"line":55,"column":null}}],"line":55}},"s":{"0":0,"1":0,"2":0,"3":0,"4":0,"5":0,"6":0,"7":0,"8":0,"9":0,"10":0,"11":0,"12":0},"f":{"0":0,"1":0},"b":{"0":[0,0],"1":[0,0],"2":[0,0],"3":[0,0],"4":[0,0],"5":[0,0]},"meta":{"lastBranch":6,"lastFunction":2,"lastStatement":13,"seen":{"f:3:16:3:30":0,"s:4:24:19:Infinity":0,"s:21:21:21:Infinity":1,"s:23:4:74:Infinity":2,"f:23:21:23:26":1,"b:25:8:43:Infinity:undefined:undefined:undefined:undefined":0,"s:25:8:43:Infinity":3,"s:26:12:26:Infinity":4,"s:27:12:42:Infinity":5,"b:36:26:36:45:36:45:36:Infinity":1,"s:47:20:47:Infinity":6,"b:48:8:49:Infinity:48:72:49:Infinity":2,"s:48:8:49:Infinity":7,"b:48:12:48:41:48:41:48:64":3,"s:48:64:48:Infinity":8,"b:48:72:49:Infinity:undefined:undefined:undefined:undefined":4,"s:48:72:49:Infinity":9,"s:49:42:49:Infinity":10,"s:51:8:73:Infinity":11,"b:55:52:55:71:55:71:55:Infinity":5,"s:76:4:76:Infinity":12}}}
,"/Users/meghalparikh/Downloads/promptsonar/packages/core/src/optimizer/costCalculator.ts": {"path":"/Users/meghalparikh/Downloads/promptsonar/packages/core/src/optimizer/costCalculator.ts","statementMap":{"0":{"start":{"line":16,"column":24},"end":{"line":16,"column":null}},"1":{"start":{"line":20,"column":28},"end":{"line":20,"column":null}},"2":{"start":{"line":23,"column":26},"end":{"line":23,"column":null}},"3":{"start":{"line":24,"column":34},"end":{"line":24,"column":null}},"4":{"start":{"line":25,"column":4},"end":{"line":25,"column":null}},"5":{"start":{"line":25,"column":39},"end":{"line":25,"column":null}},"6":{"start":{"line":28,"column":16},"end":{"line":28,"column":null}},"7":{"start":{"line":29,"column":4},"end":{"line":35,"column":null}},"8":{"start":{"line":30,"column":8},"end":{"line":34,"column":null}},"9":{"start":{"line":31,"column":12},"end":{"line":31,"column":null}},"10":{"start":{"line":33,"column":12},"end":{"line":33,"column":null}},"11":{"start":{"line":37,"column":4},"end":{"line":43,"column":null}}},"fnMap":{"0":{"name":"calculateROI","decl":{"start":{"line":15,"column":16},"end":{"line":15,"column":29}},"loc":{"start":{"line":15,"column":95},"end":{"line":44,"column":null}},"line":15}},"branchMap":{"0":{"loc":{"start":{"line":25,"column":4},"end":{"line":25,"column":null}},"type":"if","locations":[{"start":{"line":25,"column":4},"end":{"line":25,"column":null}},{"start":{},"end":{}}],"line":25},"1":{"loc":{"start":{"line":29,"column":4},"end":{"line":35,"column":null}},"type":"if","locations":[{"start":{"line":29,"column":4},"end":{"line":35,"column":null}},{"start":{},"end":{}}],"line":29},"2":{"loc":{"start":{"line":30,"column":8},"end":{"line":34,"column":null}},"type":"if","locations":[{"start":{"line":30,"column":8},"end":{"line":34,"column":null}},{"start":{"line":32,"column":15},"end":{"line":34,"column":null}}],"line":30},"3":{"loc":{"start":{"line":30,"column":12},"end":{"line":30,"column":75}},"type":"binary-expr","locations":[{"start":{"line":30,"column":12},"end":{"line":30,"column":51}},{"start":{"line":30,"column":51},"end":{"line":30,"column":75}}],"line":30}},"s":{"0":3,"1":3,"2":3,"3":3,"4":3,"5":2,"6":3,"7":3,"8":2,"9":1,"10":1,"11":3},"f":{"0":3},"b":{"0":[2,1],"1":[2,1],"2":[1,1],"3":[2,1]},"meta":{"lastBranch":4,"lastFunction":1,"lastStatement":12,"seen":{"f:15:16:15:29":0,"s:16:24:16:Infinity":0,"s:20:28:20:Infinity":1,"s:23:26:23:Infinity":2,"s:24:34:24:Infinity":3,"b:25:4:25:Infinity:undefined:undefined:undefined:undefined":0,"s:25:4:25:Infinity":4,"s:25:39:25:Infinity":5,"s:28:16:28:Infinity":6,"b:29:4:35:Infinity:undefined:undefined:undefined:undefined":1,"s:29:4:35:Infinity":7,"b:30:8:34:Infinity:32:15:34:Infinity":2,"s:30:8:34:Infinity":8,"b:30:12:30:51:30:51:30:75":3,"s:31:12:31:Infinity":9,"s:33:12:33:Infinity":10,"s:37:4:43:Infinity":11}}}
,"/Users/meghalparikh/Downloads/promptsonar/packages/core/src/optimizer/index.ts": {"path":"/Users/meghalparikh/Downloads/promptsonar/packages/core/src/optimizer/index.ts","statementMap":{},"fnMap":{},"branchMap":{},"s":{},"f":{},"b":{},"meta":{"lastBranch":0,"lastFunction":0,"lastStatement":0,"seen":{}}}
,"/Users/meghalparikh/Downloads/promptsonar/packages/core/src/optimizer/llmlingua.ts": {"path":"/Users/meghalparikh/Downloads/promptsonar/packages/core/src/optimizer/llmlingua.ts","statementMap":{"0":{"start":{"line":18,"column":4},"end":{"line":102,"column":null}},"1":{"start":{"line":20,"column":29},"end":{"line":20,"column":null}},"2":{"start":{"line":52,"column":14},"end":{"line":52,"column":null}},"3":{"start":{"line":54,"column":25},"end":{"line":54,"column":null}},"4":{"start":{"line":55,"column":24},"end":{"line":55,"column":null}},"5":{"start":{"line":57,"column":8},"end":{"line":59,"column":null}},"6":{"start":{"line":58,"column":12},"end":{"line":58,"column":null}},"7":{"start":{"line":61,"column":8},"end":{"line":63,"column":null}},"8":{"start":{"line":62,"column":12},"end":{"line":62,"column":null}},"9":{"start":{"line":65,"column":8},"end":{"line":97,"column":null}},"10":{"start":{"line":66,"column":12},"end":{"line":96,"column":null}},"11":{"start":{"line":69,"column":39},"end":{"line":69,"column":null}},"12":{"start":{"line":70,"column":35},"end":{"line":70,"column":null}},"13":{"start":{"line":71,"column":39},"end":{"line":71,"column":null}},"14":{"start":{"line":73,"column":16},"end":{"line":79,"column":null}},"15":{"start":{"line":81,"column":16},"end":{"line":95,"column":null}},"16":{"start":{"line":82,"column":35},"end":{"line":82,"column":null}},"17":{"start":{"line":83,"column":20},"end":{"line":85,"column":null}},"18":{"start":{"line":84,"column":24},"end":{"line":84,"column":null}},"19":{"start":{"line":86,"column":20},"end":{"line":92,"column":null}},"20":{"start":{"line":94,"column":20},"end":{"line":94,"column":null}},"21":{"start":{"line":100,"column":8},"end":{"line":100,"column":null}},"22":{"start":{"line":101,"column":8},"end":{"line":101,"column":null}}},"fnMap":{"0":{"name":"compressPromptLLMLingua","decl":{"start":{"line":17,"column":22},"end":{"line":17,"column":46}},"loc":{"start":{"line":17,"column":94},"end":{"line":103,"column":null}},"line":17},"1":{"name":"(anonymous_1)","decl":{"start":{"line":18,"column":23},"end":{"line":18,"column":24}},"loc":{"start":{"line":18,"column":44},"end":{"line":102,"column":5}},"line":18},"2":{"name":"(anonymous_2)","decl":{"start":{"line":57,"column":36},"end":{"line":57,"column":37}},"loc":{"start":{"line":57,"column":46},"end":{"line":59,"column":9}},"line":57},"3":{"name":"(anonymous_3)","decl":{"start":{"line":61,"column":36},"end":{"line":61,"column":37}},"loc":{"start":{"line":61,"column":46},"end":{"line":63,"column":9}},"line":61},"4":{"name":"(anonymous_4)","decl":{"start":{"line":65,"column":30},"end":{"line":65,"column":31}},"loc":{"start":{"line":65,"column":40},"end":{"line":97,"column":9}},"line":65}},"branchMap":{"0":{"loc":{"start":{"line":66,"column":12},"end":{"line":96,"column":null}},"type":"if","locations":[{"start":{"line":66,"column":12},"end":{"line":96,"column":null}},{"start":{"line":80,"column":19},"end":{"line":96,"column":null}}],"line":66},"1":{"loc":{"start":{"line":83,"column":20},"end":{"line":85,"column":null}},"type":"if","locations":[{"start":{"line":83,"column":20},"end":{"line":85,"column":null}},{"start":{},"end":{}}],"line":83}},"s":{"0":0,"1":0,"2":0,"3":0,"4":0,"5":0,"6":0,"7":0,"8":0,"9":0,"10":0,"11":0,"12":0,"13":0,"14":0,"15":0,"16":0,"17":0,"18":0,"19":0,"20":0,"21":0,"22":0},"f":{"0":0,"1":0,"2":0,"3":0,"4":0},"b":{"0":[0,0],"1":[0,0]},"meta":{"lastBranch":2,"lastFunction":5,"lastStatement":23,"seen":{"f:17:22:17:46":0,"s:18:4:102:Infinity":0,"f:18:23:18:24":1,"s:20:29:20:Infinity":1,"s:52:14:52:Infinity":2,"s:54:25:54:Infinity":3,"s:55:24:55:Infinity":4,"s:57:8:59:Infinity":5,"f:57:36:57:37":2,"s:58:12:58:Infinity":6,"s:61:8:63:Infinity":7,"f:61:36:61:37":3,"s:62:12:62:Infinity":8,"s:65:8:97:Infinity":9,"f:65:30:65:31":4,"b:66:12:96:Infinity:80:19:96:Infinity":0,"s:66:12:96:Infinity":10,"s:69:39:69:Infinity":11,"s:70:35:70:Infinity":12,"s:71:39:71:Infinity":13,"s:73:16:79:Infinity":14,"s:81:16:95:Infinity":15,"s:82:35:82:Infinity":16,"b:83:20:85:Infinity:undefined:undefined:undefined:undefined":1,"s:83:20:85:Infinity":17,"s:84:24:84:Infinity":18,"s:86:20:92:Infinity":19,"s:94:20:94:Infinity":20,"s:100:8:100:Infinity":21,"s:101:8:101:Infinity":22}}}
,"/Users/meghalparikh/Downloads/promptsonar/packages/core/src/parser/index.ts": {"path":"/Users/meghalparikh/Downloads/promptsonar/packages/core/src/parser/index.ts","statementMap":{"0":{"start":{"line":1,"column":15},"end":{"line":1,"column":null}},"1":{"start":{"line":10,"column":29},"end":{"line":10,"column":null}},"2":{"start":{"line":11,"column":31},"end":{"line":11,"column":null}},"3":{"start":{"line":14,"column":44},"end":{"line":14,"column":null}},"4":{"start":{"line":15,"column":24},"end":{"line":15,"column":null}},"5":{"start":{"line":19,"column":21},"end":{"line":19,"column":null}},"6":{"start":{"line":20,"column":4},"end":{"line":28,"column":null}},"7":{"start":{"line":21,"column":8},"end":{"line":23,"column":null}},"8":{"start":{"line":22,"column":12},"end":{"line":22,"column":null}},"9":{"start":{"line":24,"column":8},"end":{"line":26,"column":null}},"10":{"start":{"line":25,"column":12},"end":{"line":25,"column":null}},"11":{"start":{"line":27,"column":8},"end":{"line":27,"column":null}},"12":{"start":{"line":29,"column":4},"end":{"line":29,"column":null}},"13":{"start":{"line":33,"column":4},"end":{"line":47,"column":null}},"14":{"start":{"line":34,"column":21},"end":{"line":34,"column":null}},"15":{"start":{"line":35,"column":23},"end":{"line":35,"column":null}},"16":{"start":{"line":36,"column":8},"end":{"line":39,"column":null}},"17":{"start":{"line":38,"column":12},"end":{"line":38,"column":null}},"18":{"start":{"line":41,"column":8},"end":{"line":45,"column":null}},"19":{"start":{"line":43,"column":16},"end":{"line":43,"column":null}},"20":{"start":{"line":46,"column":8},"end":{"line":46,"column":null}},"21":{"start":{"line":51,"column":17},"end":{"line":51,"column":null}},"22":{"start":{"line":54,"column":19},"end":{"line":54,"column":null}},"23":{"start":{"line":55,"column":4},"end":{"line":55,"column":null}},"24":{"start":{"line":55,"column":33},"end":{"line":55,"column":null}},"25":{"start":{"line":58,"column":4},"end":{"line":63,"column":null}},"26":{"start":{"line":59,"column":25},"end":{"line":59,"column":null}},"27":{"start":{"line":60,"column":8},"end":{"line":60,"column":null}},"28":{"start":{"line":62,"column":8},"end":{"line":62,"column":null}},"29":{"start":{"line":67,"column":4},"end":{"line":67,"column":null}},"30":{"start":{"line":68,"column":4},"end":{"line":71,"column":null}},"31":{"start":{"line":69,"column":25},"end":{"line":69,"column":null}},"32":{"start":{"line":70,"column":8},"end":{"line":70,"column":null}},"33":{"start":{"line":72,"column":4},"end":{"line":72,"column":null}},"34":{"start":{"line":76,"column":4},"end":{"line":87,"column":null}},"35":{"start":{"line":77,"column":20},"end":{"line":77,"column":null}},"36":{"start":{"line":81,"column":21},"end":{"line":81,"column":null}},"37":{"start":{"line":82,"column":20},"end":{"line":82,"column":null}},"38":{"start":{"line":83,"column":22},"end":{"line":83,"column":null}},"39":{"start":{"line":84,"column":20},"end":{"line":84,"column":null}},"40":{"start":{"line":85,"column":20},"end":{"line":85,"column":null}},"41":{"start":{"line":86,"column":17},"end":{"line":86,"column":null}},"42":{"start":{"line":92,"column":4},"end":{"line":92,"column":null}},"43":{"start":{"line":92,"column":26},"end":{"line":92,"column":null}},"44":{"start":{"line":95,"column":4},"end":{"line":95,"column":null}},"45":{"start":{"line":95,"column":26},"end":{"line":95,"column":null}},"46":{"start":{"line":97,"column":22},"end":{"line":97,"column":null}},"47":{"start":{"line":100,"column":28},"end":{"line":106,"column":null}},"48":{"start":{"line":107,"column":4},"end":{"line":109,"column":null}},"49":{"start":{"line":107,"column":39},"end":{"line":107,"column":65}},"50":{"start":{"line":108,"column":8},"end":{"line":108,"column":null}},"51":{"start":{"line":112,"column":28},"end":{"line":121,"column":null}},"52":{"start":{"line":122,"column":4},"end":{"line":124,"column":null}},"53":{"start":{"line":122,"column":39},"end":{"line":122,"column":65}},"54":{"start":{"line":123,"column":8},"end":{"line":123,"column":null}},"55":{"start":{"line":127,"column":24},"end":{"line":127,"column":null}},"56":{"start":{"line":128,"column":26},"end":{"line":128,"column":null}},"57":{"start":{"line":131,"column":4},"end":{"line":133,"column":null}},"58":{"start":{"line":132,"column":8},"end":{"line":132,"column":null}},"59":{"start":{"line":136,"column":4},"end":{"line":138,"column":null}},"60":{"start":{"line":137,"column":8},"end":{"line":137,"column":null}},"61":{"start":{"line":140,"column":4},"end":{"line":140,"column":null}},"62":{"start":{"line":144,"column":44},"end":{"line":144,"column":null}},"63":{"start":{"line":145,"column":16},"end":{"line":145,"column":null}},"64":{"start":{"line":146,"column":38},"end":{"line":146,"column":null}},"65":{"start":{"line":149,"column":4},"end":{"line":157,"column":null}},"66":{"start":{"line":150,"column":8},"end":{"line":156,"column":null}},"67":{"start":{"line":160,"column":4},"end":{"line":196,"column":null}},"68":{"start":{"line":162,"column":22},"end":{"line":162,"column":null}},"69":{"start":{"line":163,"column":22},"end":{"line":163,"column":null}},"70":{"start":{"line":165,"column":8},"end":{"line":181,"column":null}},"71":{"start":{"line":166,"column":26},"end":{"line":166,"column":null}},"72":{"start":{"line":167,"column":12},"end":{"line":180,"column":null}},"73":{"start":{"line":167,"column":25},"end":{"line":167,"column":28}},"74":{"start":{"line":168,"column":29},"end":{"line":168,"column":null}},"75":{"start":{"line":169,"column":16},"end":{"line":179,"column":null}},"76":{"start":{"line":170,"column":20},"end":{"line":178,"column":null}},"77":{"start":{"line":171,"column":24},"end":{"line":177,"column":null}},"78":{"start":{"line":184,"column":28},"end":{"line":184,"column":null}},"79":{"start":{"line":185,"column":8},"end":{"line":195,"column":null}},"80":{"start":{"line":186,"column":25},"end":{"line":186,"column":null}},"81":{"start":{"line":187,"column":36},"end":{"line":187,"column":null}},"82":{"start":{"line":188,"column":12},"end":{"line":194,"column":null}},"83":{"start":{"line":199,"column":23},"end":{"line":199,"column":null}},"84":{"start":{"line":201,"column":4},"end":{"line":273,"column":null}},"85":{"start":{"line":206,"column":8},"end":{"line":272,"column":null}},"86":{"start":{"line":207,"column":25},"end":{"line":207,"column":null}},"87":{"start":{"line":208,"column":12},"end":{"line":208,"column":null}},"88":{"start":{"line":209,"column":12},"end":{"line":209,"column":null}},"89":{"start":{"line":210,"column":12},"end":{"line":210,"column":null}},"90":{"start":{"line":213,"column":25},"end":{"line":213,"column":null}},"91":{"start":{"line":214,"column":28},"end":{"line":214,"column":null}},"92":{"start":{"line":216,"column":12},"end":{"line":224,"column":null}},"93":{"start":{"line":218,"column":31},"end":{"line":218,"column":null}},"94":{"start":{"line":219,"column":16},"end":{"line":222,"column":null}},"95":{"start":{"line":220,"column":20},"end":{"line":220,"column":null}},"96":{"start":{"line":221,"column":20},"end":{"line":221,"column":null}},"97":{"start":{"line":221,"column":70},"end":{"line":221,"column":null}},"98":{"start":{"line":223,"column":16},"end":{"line":223,"column":null}},"99":{"start":{"line":227,"column":12},"end":{"line":264,"column":null}},"100":{"start":{"line":228,"column":36},"end":{"line":228,"column":null}},"101":{"start":{"line":229,"column":16},"end":{"line":229,"column":null}},"102":{"start":{"line":230,"column":32},"end":{"line":230,"column":null}},"103":{"start":{"line":232,"column":16},"end":{"line":263,"column":null}},"104":{"start":{"line":233,"column":20},"end":{"line":262,"column":null}},"105":{"start":{"line":234,"column":41},"end":{"line":239,"column":null}},"106":{"start":{"line":241,"column":24},"end":{"line":261,"column":null}},"107":{"start":{"line":243,"column":46},"end":{"line":243,"column":null}},"108":{"start":{"line":244,"column":28},"end":{"line":248,"column":null}},"109":{"start":{"line":245,"column":32},"end":{"line":245,"column":null}},"110":{"start":{"line":246,"column":28},"end":{"line":248,"column":null}},"111":{"start":{"line":247,"column":32},"end":{"line":247,"column":null}},"112":{"start":{"line":249,"column":28},"end":{"line":249,"column":null}},"113":{"start":{"line":250,"column":24},"end":{"line":261,"column":null}},"114":{"start":{"line":252,"column":46},"end":{"line":252,"column":null}},"115":{"start":{"line":253,"column":28},"end":{"line":257,"column":null}},"116":{"start":{"line":254,"column":32},"end":{"line":254,"column":null}},"117":{"start":{"line":255,"column":28},"end":{"line":257,"column":null}},"118":{"start":{"line":256,"column":32},"end":{"line":256,"column":null}},"119":{"start":{"line":258,"column":28},"end":{"line":258,"column":null}},"120":{"start":{"line":259,"column":24},"end":{"line":261,"column":null}},"121":{"start":{"line":260,"column":28},"end":{"line":260,"column":null}},"122":{"start":{"line":266,"column":12},"end":{"line":266,"column":null}},"123":{"start":{"line":269,"column":12},"end":{"line":269,"column":null}},"124":{"start":{"line":269,"column":61},"end":{"line":269,"column":null}},"125":{"start":{"line":270,"column":12},"end":{"line":270,"column":null}},"126":{"start":{"line":270,"column":59},"end":{"line":270,"column":null}},"127":{"start":{"line":271,"column":12},"end":{"line":271,"column":null}},"128":{"start":{"line":271,"column":63},"end":{"line":271,"column":null}},"129":{"start":{"line":276,"column":4},"end":{"line":293,"column":null}},"130":{"start":{"line":277,"column":33},"end":{"line":277,"column":null}},"131":{"start":{"line":279,"column":8},"end":{"line":292,"column":null}},"132":{"start":{"line":280,"column":30},"end":{"line":280,"column":null}},"133":{"start":{"line":281,"column":12},"end":{"line":291,"column":null}},"134":{"start":{"line":282,"column":36},"end":{"line":282,"column":null}},"135":{"start":{"line":283,"column":34},"end":{"line":283,"column":null}},"136":{"start":{"line":284,"column":16},"end":{"line":290,"column":null}},"137":{"start":{"line":296,"column":26},"end":{"line":296,"column":null}},"138":{"start":{"line":297,"column":17},"end":{"line":297,"column":null}},"139":{"start":{"line":298,"column":4},"end":{"line":304,"column":null}},"140":{"start":{"line":299,"column":20},"end":{"line":299,"column":null}},"141":{"start":{"line":300,"column":8},"end":{"line":303,"column":null}},"142":{"start":{"line":301,"column":12},"end":{"line":301,"column":null}},"143":{"start":{"line":302,"column":12},"end":{"line":302,"column":null}},"144":{"start":{"line":306,"column":4},"end":{"line":306,"column":null}}},"fnMap":{"0":{"name":"findAssetsRoot","decl":{"start":{"line":18,"column":9},"end":{"line":18,"column":34}},"loc":{"start":{"line":18,"column":34},"end":{"line":30,"column":null}},"line":18},"1":{"name":"initParser","decl":{"start":{"line":32,"column":15},"end":{"line":32,"column":28}},"loc":{"start":{"line":32,"column":28},"end":{"line":48,"column":null}},"line":32},"2":{"name":"(anonymous_2)","decl":{"start":{"line":42,"column":12},"end":{"line":42,"column":25}},"loc":{"start":{"line":42,"column":25},"end":{"line":44,"column":null}},"line":42},"3":{"name":"getWasmPath","decl":{"start":{"line":50,"column":9},"end":{"line":50,"column":21}},"loc":{"start":{"line":50,"column":47},"end":{"line":64,"column":null}},"line":50},"4":{"name":"getLanguage","decl":{"start":{"line":66,"column":15},"end":{"line":66,"column":27}},"loc":{"start":{"line":66,"column":59},"end":{"line":73,"column":null}},"line":66},"5":{"name":"getLanguageName","decl":{"start":{"line":75,"column":9},"end":{"line":75,"column":25}},"loc":{"start":{"line":75,"column":59},"end":{"line":88,"column":null}},"line":75},"6":{"name":"containsPromptKeyword","decl":{"start":{"line":90,"column":9},"end":{"line":90,"column":31}},"loc":{"start":{"line":90,"column":54},"end":{"line":141,"column":null}},"line":90},"7":{"name":"(anonymous_7)","decl":{"start":{"line":107,"column":29},"end":{"line":107,"column":39}},"loc":{"start":{"line":107,"column":39},"end":{"line":107,"column":65}},"line":107},"8":{"name":"(anonymous_8)","decl":{"start":{"line":122,"column":29},"end":{"line":122,"column":39}},"loc":{"start":{"line":122,"column":39},"end":{"line":122,"column":65}},"line":122},"9":{"name":"parseFile","decl":{"start":{"line":143,"column":22},"end":{"line":143,"column":32}},"loc":{"start":{"line":143,"column":83},"end":{"line":307,"column":null}},"line":143}},"branchMap":{"0":{"loc":{"start":{"line":20,"column":11},"end":{"line":20,"column":62}},"type":"binary-expr","locations":[{"start":{"line":20,"column":11},"end":{"line":20,"column":33}},{"start":{"line":20,"column":33},"end":{"line":20,"column":62}}],"line":20},"1":{"loc":{"start":{"line":21,"column":8},"end":{"line":23,"column":null}},"type":"if","locations":[{"start":{"line":21,"column":8},"end":{"line":23,"column":null}},{"start":{},"end":{}}],"line":21},"2":{"loc":{"start":{"line":24,"column":8},"end":{"line":26,"column":null}},"type":"if","locations":[{"start":{"line":24,"column":8},"end":{"line":26,"column":null}},{"start":{},"end":{}}],"line":24},"3":{"loc":{"start":{"line":33,"column":4},"end":{"line":47,"column":null}},"type":"if","locations":[{"start":{"line":33,"column":4},"end":{"line":47,"column":null}},{"start":{},"end":{}}],"line":33},"4":{"loc":{"start":{"line":36,"column":8},"end":{"line":39,"column":null}},"type":"if","locations":[{"start":{"line":36,"column":8},"end":{"line":39,"column":null}},{"start":{},"end":{}}],"line":36},"5":{"loc":{"start":{"line":55,"column":4},"end":{"line":55,"column":null}},"type":"if","locations":[{"start":{"line":55,"column":4},"end":{"line":55,"column":null}},{"start":{},"end":{}}],"line":55},"6":{"loc":{"start":{"line":68,"column":4},"end":{"line":71,"column":null}},"type":"if","locations":[{"start":{"line":68,"column":4},"end":{"line":71,"column":null}},{"start":{},"end":{}}],"line":68},"7":{"loc":{"start":{"line":76,"column":4},"end":{"line":87,"column":null}},"type":"switch","locations":[{"start":{"line":77,"column":8},"end":{"line":77,"column":null}},{"start":{"line":78,"column":8},"end":{"line":78,"column":null}},{"start":{"line":79,"column":8},"end":{"line":79,"column":null}},{"start":{"line":80,"column":8},"end":{"line":80,"column":null}},{"start":{"line":81,"column":8},"end":{"line":81,"column":null}},{"start":{"line":82,"column":8},"end":{"line":82,"column":null}},{"start":{"line":83,"column":8},"end":{"line":83,"column":null}},{"start":{"line":84,"column":8},"end":{"line":84,"column":null}},{"start":{"line":85,"column":8},"end":{"line":85,"column":null}},{"start":{"line":86,"column":8},"end":{"line":86,"column":null}}],"line":76},"8":{"loc":{"start":{"line":92,"column":4},"end":{"line":92,"column":null}},"type":"if","locations":[{"start":{"line":92,"column":4},"end":{"line":92,"column":null}},{"start":{},"end":{}}],"line":92},"9":{"loc":{"start":{"line":95,"column":4},"end":{"line":95,"column":null}},"type":"if","locations":[{"start":{"line":95,"column":4},"end":{"line":95,"column":null}},{"start":{},"end":{}}],"line":95},"10":{"loc":{"start":{"line":107,"column":4},"end":{"line":109,"column":null}},"type":"if","locations":[{"start":{"line":107,"column":4},"end":{"line":109,"column":null}},{"start":{},"end":{}}],"line":107},"11":{"loc":{"start":{"line":122,"column":4},"end":{"line":124,"column":null}},"type":"if","locations":[{"start":{"line":122,"column":4},"end":{"line":124,"column":null}},{"start":{},"end":{}}],"line":122},"12":{"loc":{"start":{"line":131,"column":4},"end":{"line":133,"column":null}},"type":"if","locations":[{"start":{"line":131,"column":4},"end":{"line":133,"column":null}},{"start":{},"end":{}}],"line":131},"13":{"loc":{"start":{"line":131,"column":8},"end":{"line":131,"column":38}},"type":"binary-expr","locations":[{"start":{"line":131,"column":8},"end":{"line":131,"column":23}},{"start":{"line":131,"column":23},"end":{"line":131,"column":38}}],"line":131},"14":{"loc":{"start":{"line":136,"column":4},"end":{"line":138,"column":null}},"type":"if","locations":[{"start":{"line":136,"column":4},"end":{"line":138,"column":null}},{"start":{},"end":{}}],"line":136},"15":{"loc":{"start":{"line":136,"column":8},"end":{"line":136,"column":60}},"type":"binary-expr","locations":[{"start":{"line":136,"column":8},"end":{"line":136,"column":29}},{"start":{"line":136,"column":29},"end":{"line":136,"column":44}},{"start":{"line":136,"column":44},"end":{"line":136,"column":60}}],"line":136},"16":{"loc":{"start":{"line":149,"column":4},"end":{"line":157,"column":null}},"type":"if","locations":[{"start":{"line":149,"column":4},"end":{"line":157,"column":null}},{"start":{},"end":{}}],"line":149},"17":{"loc":{"start":{"line":160,"column":4},"end":{"line":196,"column":null}},"type":"if","locations":[{"start":{"line":160,"column":4},"end":{"line":196,"column":null}},{"start":{},"end":{}}],"line":160},"18":{"loc":{"start":{"line":160,"column":8},"end":{"line":160,"column":88}},"type":"binary-expr","locations":[{"start":{"line":160,"column":8},"end":{"line":160,"column":48}},{"start":{"line":160,"column":48},"end":{"line":160,"column":88}}],"line":160},"19":{"loc":{"start":{"line":165,"column":8},"end":{"line":181,"column":null}},"type":"if","locations":[{"start":{"line":165,"column":8},"end":{"line":181,"column":null}},{"start":{},"end":{}}],"line":165},"20":{"loc":{"start":{"line":165,"column":12},"end":{"line":165,"column":91}},"type":"binary-expr","locations":[{"start":{"line":165,"column":12},"end":{"line":165,"column":50}},{"start":{"line":165,"column":50},"end":{"line":165,"column":91}}],"line":165},"21":{"loc":{"start":{"line":169,"column":16},"end":{"line":179,"column":null}},"type":"if","locations":[{"start":{"line":169,"column":16},"end":{"line":179,"column":null}},{"start":{},"end":{}}],"line":169},"22":{"loc":{"start":{"line":170,"column":20},"end":{"line":178,"column":null}},"type":"if","locations":[{"start":{"line":170,"column":20},"end":{"line":178,"column":null}},{"start":{},"end":{}}],"line":170},"23":{"loc":{"start":{"line":199,"column":23},"end":{"line":199,"column":null}},"type":"binary-expr","locations":[{"start":{"line":199,"column":23},"end":{"line":199,"column":35}},{"start":{"line":199,"column":35},"end":{"line":199,"column":null}}],"line":199},"24":{"loc":{"start":{"line":201,"column":4},"end":{"line":273,"column":null}},"type":"if","locations":[{"start":{"line":201,"column":4},"end":{"line":273,"column":null}},{"start":{},"end":{}}],"line":201},"25":{"loc":{"start":{"line":216,"column":12},"end":{"line":224,"column":null}},"type":"if","locations":[{"start":{"line":216,"column":12},"end":{"line":224,"column":null}},{"start":{},"end":{}}],"line":216},"26":{"loc":{"start":{"line":221,"column":20},"end":{"line":221,"column":null}},"type":"if","locations":[{"start":{"line":221,"column":20},"end":{"line":221,"column":null}},{"start":{},"end":{}}],"line":221},"27":{"loc":{"start":{"line":221,"column":24},"end":{"line":221,"column":70}},"type":"binary-expr","locations":[{"start":{"line":221,"column":24},"end":{"line":221,"column":44}},{"start":{"line":221,"column":44},"end":{"line":221,"column":70}}],"line":221},"28":{"loc":{"start":{"line":227,"column":12},"end":{"line":264,"column":null}},"type":"if","locations":[{"start":{"line":227,"column":12},"end":{"line":264,"column":null}},{"start":{},"end":{}}],"line":227},"29":{"loc":{"start":{"line":241,"column":24},"end":{"line":261,"column":null}},"type":"if","locations":[{"start":{"line":241,"column":24},"end":{"line":261,"column":null}},{"start":{"line":250,"column":24},"end":{"line":261,"column":null}}],"line":241},"30":{"loc":{"start":{"line":241,"column":28},"end":{"line":241,"column":112}},"type":"binary-expr","locations":[{"start":{"line":241,"column":28},"end":{"line":241,"column":70}},{"start":{"line":241,"column":70},"end":{"line":241,"column":112}}],"line":241},"31":{"loc":{"start":{"line":244,"column":28},"end":{"line":248,"column":null}},"type":"if","locations":[{"start":{"line":244,"column":28},"end":{"line":248,"column":null}},{"start":{"line":246,"column":28},"end":{"line":248,"column":null}}],"line":244},"32":{"loc":{"start":{"line":244,"column":32},"end":{"line":244,"column":96}},"type":"binary-expr","locations":[{"start":{"line":244,"column":32},"end":{"line":244,"column":65}},{"start":{"line":244,"column":65},"end":{"line":244,"column":96}}],"line":244},"33":{"loc":{"start":{"line":246,"column":28},"end":{"line":248,"column":null}},"type":"if","locations":[{"start":{"line":246,"column":28},"end":{"line":248,"column":null}},{"start":{},"end":{}}],"line":246},"34":{"loc":{"start":{"line":246,"column":39},"end":{"line":246,"column":130}},"type":"binary-expr","locations":[{"start":{"line":246,"column":39},"end":{"line":246,"column":70}},{"start":{"line":246,"column":70},"end":{"line":246,"column":101}},{"start":{"line":246,"column":101},"end":{"line":246,"column":130}}],"line":246},"35":{"loc":{"start":{"line":250,"column":24},"end":{"line":261,"column":null}},"type":"if","locations":[{"start":{"line":250,"column":24},"end":{"line":261,"column":null}},{"start":{"line":259,"column":24},"end":{"line":261,"column":null}}],"line":250},"36":{"loc":{"start":{"line":253,"column":28},"end":{"line":257,"column":null}},"type":"if","locations":[{"start":{"line":253,"column":28},"end":{"line":257,"column":null}},{"start":{"line":255,"column":28},"end":{"line":257,"column":null}}],"line":253},"37":{"loc":{"start":{"line":253,"column":32},"end":{"line":253,"column":96}},"type":"binary-expr","locations":[{"start":{"line":253,"column":32},"end":{"line":253,"column":65}},{"start":{"line":253,"column":65},"end":{"line":253,"column":96}}],"line":253},"38":{"loc":{"start":{"line":255,"column":28},"end":{"line":257,"column":null}},"type":"if","locations":[{"start":{"line":255,"column":28},"end":{"line":257,"column":null}},{"start":{},"end":{}}],"line":255},"39":{"loc":{"start":{"line":255,"column":39},"end":{"line":255,"column":130}},"type":"binary-expr","locations":[{"start":{"line":255,"column":39},"end":{"line":255,"column":70}},{"start":{"line":255,"column":70},"end":{"line":255,"column":101}},{"start":{"line":255,"column":101},"end":{"line":255,"column":130}}],"line":255},"40":{"loc":{"start":{"line":259,"column":24},"end":{"line":261,"column":null}},"type":"if","locations":[{"start":{"line":259,"column":24},"end":{"line":261,"column":null}},{"start":{},"end":{}}],"line":259},"41":{"loc":{"start":{"line":269,"column":12},"end":{"line":269,"column":null}},"type":"if","locations":[{"start":{"line":269,"column":12},"end":{"line":269,"column":null}},{"start":{},"end":{}}],"line":269},"42":{"loc":{"start":{"line":269,"column":16},"end":{"line":269,"column":61}},"type":"binary-expr","locations":[{"start":{"line":269,"column":16},"end":{"line":269,"column":25}},{"start":{"line":269,"column":25},"end":{"line":269,"column":61}}],"line":269},"43":{"loc":{"start":{"line":270,"column":12},"end":{"line":270,"column":null}},"type":"if","locations":[{"start":{"line":270,"column":12},"end":{"line":270,"column":null}},{"start":{},"end":{}}],"line":270},"44":{"loc":{"start":{"line":270,"column":16},"end":{"line":270,"column":59}},"type":"binary-expr","locations":[{"start":{"line":270,"column":16},"end":{"line":270,"column":24}},{"start":{"line":270,"column":24},"end":{"line":270,"column":59}}],"line":270},"45":{"loc":{"start":{"line":271,"column":12},"end":{"line":271,"column":null}},"type":"if","locations":[{"start":{"line":271,"column":12},"end":{"line":271,"column":null}},{"start":{},"end":{}}],"line":271},"46":{"loc":{"start":{"line":271,"column":16},"end":{"line":271,"column":63}},"type":"binary-expr","locations":[{"start":{"line":271,"column":16},"end":{"line":271,"column":26}},{"start":{"line":271,"column":26},"end":{"line":271,"column":63}}],"line":271},"47":{"loc":{"start":{"line":276,"column":4},"end":{"line":293,"column":null}},"type":"if","locations":[{"start":{"line":276,"column":4},"end":{"line":293,"column":null}},{"start":{},"end":{}}],"line":276},"48":{"loc":{"start":{"line":276,"column":8},"end":{"line":276,"column":45}},"type":"binary-expr","locations":[{"start":{"line":276,"column":8},"end":{"line":276,"column":32}},{"start":{"line":276,"column":32},"end":{"line":276,"column":45}}],"line":276},"49":{"loc":{"start":{"line":281,"column":12},"end":{"line":291,"column":null}},"type":"if","locations":[{"start":{"line":281,"column":12},"end":{"line":291,"column":null}},{"start":{},"end":{}}],"line":281},"50":{"loc":{"start":{"line":300,"column":8},"end":{"line":303,"column":null}},"type":"if","locations":[{"start":{"line":300,"column":8},"end":{"line":303,"column":null}},{"start":{},"end":{}}],"line":300}},"s":{"0":1,"1":1,"2":1,"3":1,"4":1,"5":7,"6":7,"7":21,"8":0,"9":21,"10":7,"11":14,"12":0,"13":3,"14":1,"15":1,"16":1,"17":1,"18":1,"19":1,"20":1,"21":3,"22":3,"23":3,"24":0,"25":3,"26":3,"27":3,"28":0,"29":3,"30":3,"31":3,"32":3,"33":3,"34":0,"35":0,"36":0,"37":0,"38":0,"39":0,"40":0,"41":0,"42":7,"43":2,"44":5,"45":0,"46":5,"47":5,"48":5,"49":56,"50":2,"51":3,"52":3,"53":63,"54":0,"55":3,"56":3,"57":3,"58":0,"59":3,"60":1,"61":2,"62":3,"63":3,"64":3,"65":3,"66":0,"67":3,"68":1,"69":1,"70":1,"71":1,"72":1,"73":1,"74":1,"75":1,"76":1,"77":1,"78":1,"79":1,"80":0,"81":0,"82":0,"83":3,"84":3,"85":3,"86":3,"87":3,"88":3,"89":3,"90":3,"91":3,"92":3,"93":1,"94":1,"95":2,"96":2,"97":0,"98":1,"99":3,"100":2,"101":2,"102":2,"103":2,"104":7,"105":9,"106":9,"107":2,"108":2,"109":0,"110":2,"111":1,"112":2,"113":7,"114":0,"115":0,"116":0,"117":0,"118":0,"119":0,"120":7,"121":1,"122":0,"123":3,"124":2,"125":3,"126":3,"127":3,"128":3,"129":3,"130":0,"131":0,"132":0,"133":0,"134":0,"135":0,"136":0,"137":3,"138":3,"139":3,"140":4,"141":4,"142":3,"143":3,"144":3},"f":{"0":7,"1":3,"2":1,"3":3,"4":3,"5":0,"6":7,"7":56,"8":63,"9":3},"b":{"0":[7,21],"1":[0,21],"2":[7,14],"3":[1,2],"4":[1,0],"5":[0,3],"6":[3,0],"7":[0,0,0,0,0,0,0,0,0,0],"8":[2,5],"9":[0,5],"10":[2,3],"11":[0,3],"12":[0,3],"13":[3,1],"14":[1,2],"15":[3,1,0],"16":[0,3],"17":[1,2],"18":[3,2],"19":[1,0],"20":[1,1],"21":[1,0],"22":[1,0],"23":[3,0],"24":[3,0],"25":[1,2],"26":[0,2],"27":[2,2],"28":[2,1],"29":[2,7],"30":[9,6],"31":[0,2],"32":[2,2],"33":[1,1],"34":[2,1,1],"35":[0,7],"36":[0,0],"37":[0,0],"38":[0,0],"39":[0,0,0],"40":[1,6],"41":[2,1],"42":[3,2],"43":[3,0],"44":[3,3],"45":[3,0],"46":[3,3],"47":[0,3],"48":[3,0],"49":[0,0],"50":[3,1]},"meta":{"lastBranch":51,"lastFunction":10,"lastStatement":145,"seen":{"s:1:15:1:Infinity":0,"s:10:29:10:Infinity":1,"s:11:31:11:Infinity":2,"s:14:44:14:Infinity":3,"s:15:24:15:Infinity":4,"f:18:9:18:34":0,"s:19:21:19:Infinity":5,"s:20:4:28:Infinity":6,"b:20:11:20:33:20:33:20:62":0,"b:21:8:23:Infinity:undefined:undefined:undefined:undefined":1,"s:21:8:23:Infinity":7,"s:22:12:22:Infinity":8,"b:24:8:26:Infinity:undefined:undefined:undefined:undefined":2,"s:24:8:26:Infinity":9,"s:25:12:25:Infinity":10,"s:27:8:27:Infinity":11,"s:29:4:29:Infinity":12,"f:32:15:32:28":1,"b:33:4:47:Infinity:undefined:undefined:undefined:undefined":3,"s:33:4:47:Infinity":13,"s:34:21:34:Infinity":14,"s:35:23:35:Infinity":15,"b:36:8:39:Infinity:undefined:undefined:undefined:undefined":4,"s:36:8:39:Infinity":16,"s:38:12:38:Infinity":17,"s:41:8:45:Infinity":18,"f:42:12:42:25":2,"s:43:16:43:Infinity":19,"s:46:8:46:Infinity":20,"f:50:9:50:21":3,"s:51:17:51:Infinity":21,"s:54:19:54:Infinity":22,"b:55:4:55:Infinity:undefined:undefined:undefined:undefined":5,"s:55:4:55:Infinity":23,"s:55:33:55:Infinity":24,"s:58:4:63:Infinity":25,"s:59:25:59:Infinity":26,"s:60:8:60:Infinity":27,"s:62:8:62:Infinity":28,"f:66:15:66:27":4,"s:67:4:67:Infinity":29,"b:68:4:71:Infinity:undefined:undefined:undefined:undefined":6,"s:68:4:71:Infinity":30,"s:69:25:69:Infinity":31,"s:70:8:70:Infinity":32,"s:72:4:72:Infinity":33,"f:75:9:75:25":5,"b:77:8:77:Infinity:78:8:78:Infinity:79:8:79:Infinity:80:8:80:Infinity:81:8:81:Infinity:82:8:82:Infinity:83:8:83:Infinity:84:8:84:Infinity:85:8:85:Infinity:86:8:86:Infinity":7,"s:76:4:87:Infinity":34,"s:77:20:77:Infinity":35,"s:81:21:81:Infinity":36,"s:82:20:82:Infinity":37,"s:83:22:83:Infinity":38,"s:84:20:84:Infinity":39,"s:85:20:85:Infinity":40,"s:86:17:86:Infinity":41,"f:90:9:90:31":6,"b:92:4:92:Infinity:undefined:undefined:undefined:undefined":8,"s:92:4:92:Infinity":42,"s:92:26:92:Infinity":43,"b:95:4:95:Infinity:undefined:undefined:undefined:undefined":9,"s:95:4:95:Infinity":44,"s:95:26:95:Infinity":45,"s:97:22:97:Infinity":46,"s:100:28:106:Infinity":47,"b:107:4:109:Infinity:undefined:undefined:undefined:undefined":10,"s:107:4:109:Infinity":48,"f:107:29:107:39":7,"s:107:39:107:65":49,"s:108:8:108:Infinity":50,"s:112:28:121:Infinity":51,"b:122:4:124:Infinity:undefined:undefined:undefined:undefined":11,"s:122:4:124:Infinity":52,"f:122:29:122:39":8,"s:122:39:122:65":53,"s:123:8:123:Infinity":54,"s:127:24:127:Infinity":55,"s:128:26:128:Infinity":56,"b:131:4:133:Infinity:undefined:undefined:undefined:undefined":12,"s:131:4:133:Infinity":57,"b:131:8:131:23:131:23:131:38":13,"s:132:8:132:Infinity":58,"b:136:4:138:Infinity:undefined:undefined:undefined:undefined":14,"s:136:4:138:Infinity":59,"b:136:8:136:29:136:29:136:44:136:44:136:60":15,"s:137:8:137:Infinity":60,"s:140:4:140:Infinity":61,"f:143:22:143:32":9,"s:144:44:144:Infinity":62,"s:145:16:145:Infinity":63,"s:146:38:146:Infinity":64,"b:149:4:157:Infinity:undefined:undefined:undefined:undefined":16,"s:149:4:157:Infinity":65,"s:150:8:156:Infinity":66,"b:160:4:196:Infinity:undefined:undefined:undefined:undefined":17,"s:160:4:196:Infinity":67,"b:160:8:160:48:160:48:160:88":18,"s:162:22:162:Infinity":68,"s:163:22:163:Infinity":69,"b:165:8:181:Infinity:undefined:undefined:undefined:undefined":19,"s:165:8:181:Infinity":70,"b:165:12:165:50:165:50:165:91":20,"s:166:26:166:Infinity":71,"s:167:12:180:Infinity":72,"s:167:25:167:28":73,"s:168:29:168:Infinity":74,"b:169:16:179:Infinity:undefined:undefined:undefined:undefined":21,"s:169:16:179:Infinity":75,"b:170:20:178:Infinity:undefined:undefined:undefined:undefined":22,"s:170:20:178:Infinity":76,"s:171:24:177:Infinity":77,"s:184:28:184:Infinity":78,"s:185:8:195:Infinity":79,"s:186:25:186:Infinity":80,"s:187:36:187:Infinity":81,"s:188:12:194:Infinity":82,"s:199:23:199:Infinity":83,"b:199:23:199:35:199:35:199:Infinity":23,"b:201:4:273:Infinity:undefined:undefined:undefined:undefined":24,"s:201:4:273:Infinity":84,"s:206:8:272:Infinity":85,"s:207:25:207:Infinity":86,"s:208:12:208:Infinity":87,"s:209:12:209:Infinity":88,"s:210:12:210:Infinity":89,"s:213:25:213:Infinity":90,"s:214:28:214:Infinity":91,"b:216:12:224:Infinity:undefined:undefined:undefined:undefined":25,"s:216:12:224:Infinity":92,"s:218:31:218:Infinity":93,"s:219:16:222:Infinity":94,"s:220:20:220:Infinity":95,"b:221:20:221:Infinity:undefined:undefined:undefined:undefined":26,"s:221:20:221:Infinity":96,"b:221:24:221:44:221:44:221:70":27,"s:221:70:221:Infinity":97,"s:223:16:223:Infinity":98,"b:227:12:264:Infinity:undefined:undefined:undefined:undefined":28,"s:227:12:264:Infinity":99,"s:228:36:228:Infinity":100,"s:229:16:229:Infinity":101,"s:230:32:230:Infinity":102,"s:232:16:263:Infinity":103,"s:233:20:262:Infinity":104,"s:234:41:239:Infinity":105,"b:241:24:261:Infinity:250:24:261:Infinity":29,"s:241:24:261:Infinity":106,"b:241:28:241:70:241:70:241:112":30,"s:243:46:243:Infinity":107,"b:244:28:248:Infinity:246:28:248:Infinity":31,"s:244:28:248:Infinity":108,"b:244:32:244:65:244:65:244:96":32,"s:245:32:245:Infinity":109,"b:246:28:248:Infinity:undefined:undefined:undefined:undefined":33,"s:246:28:248:Infinity":110,"b:246:39:246:70:246:70:246:101:246:101:246:130":34,"s:247:32:247:Infinity":111,"s:249:28:249:Infinity":112,"b:250:24:261:Infinity:259:24:261:Infinity":35,"s:250:24:261:Infinity":113,"s:252:46:252:Infinity":114,"b:253:28:257:Infinity:255:28:257:Infinity":36,"s:253:28:257:Infinity":115,"b:253:32:253:65:253:65:253:96":37,"s:254:32:254:Infinity":116,"b:255:28:257:Infinity:undefined:undefined:undefined:undefined":38,"s:255:28:257:Infinity":117,"b:255:39:255:70:255:70:255:101:255:101:255:130":39,"s:256:32:256:Infinity":118,"s:258:28:258:Infinity":119,"b:259:24:261:Infinity:undefined:undefined:undefined:undefined":40,"s:259:24:261:Infinity":120,"s:260:28:260:Infinity":121,"s:266:12:266:Infinity":122,"b:269:12:269:Infinity:undefined:undefined:undefined:undefined":41,"s:269:12:269:Infinity":123,"b:269:16:269:25:269:25:269:61":42,"s:269:61:269:Infinity":124,"b:270:12:270:Infinity:undefined:undefined:undefined:undefined":43,"s:270:12:270:Infinity":125,"b:270:16:270:24:270:24:270:59":44,"s:270:59:270:Infinity":126,"b:271:12:271:Infinity:undefined:undefined:undefined:undefined":45,"s:271:12:271:Infinity":127,"b:271:16:271:26:271:26:271:63":46,"s:271:63:271:Infinity":128,"b:276:4:293:Infinity:undefined:undefined:undefined:undefined":47,"s:276:4:293:Infinity":129,"b:276:8:276:32:276:32:276:45":48,"s:277:33:277:Infinity":130,"s:279:8:292:Infinity":131,"s:280:30:280:Infinity":132,"b:281:12:291:Infinity:undefined:undefined:undefined:undefined":49,"s:281:12:291:Infinity":133,"s:282:36:282:Infinity":134,"s:283:34:283:Infinity":135,"s:284:16:290:Infinity":136,"s:296:26:296:Infinity":137,"s:297:17:297:Infinity":138,"s:298:4:304:Infinity":139,"s:299:20:299:Infinity":140,"b:300:8:303:Infinity:undefined:undefined:undefined:undefined":50,"s:300:8:303:Infinity":141,"s:301:12:301:Infinity":142,"s:302:12:302:Infinity":143,"s:306:4:306:Infinity":144}}}
,"/Users/meghalparikh/Downloads/promptsonar/packages/core/src/parser/types.ts": {"path":"/Users/meghalparikh/Downloads/promptsonar/packages/core/src/parser/types.ts","statementMap":{},"fnMap":{},"branchMap":{},"s":{},"f":{},"b":{},"meta":{"lastBranch":0,"lastFunction":0,"lastStatement":0,"seen":{}}}
,"/Users/meghalparikh/Downloads/promptsonar/packages/core/src/rules/best_practices.ts": {"path":"/Users/meghalparikh/Downloads/promptsonar/packages/core/src/rules/best_practices.ts","statementMap":{"0":{"start":{"line":4,"column":32},"end":{"line":4,"column":null}},"1":{"start":{"line":5,"column":22},"end":{"line":5,"column":null}},"2":{"start":{"line":8,"column":31},"end":{"line":8,"column":null}},"3":{"start":{"line":9,"column":4},"end":{"line":18,"column":null}},"4":{"start":{"line":9,"column":38},"end":{"line":9,"column":59}},"5":{"start":{"line":10,"column":8},"end":{"line":17,"column":null}},"6":{"start":{"line":21,"column":30},"end":{"line":21,"column":null}},"7":{"start":{"line":22,"column":4},"end":{"line":31,"column":null}},"8":{"start":{"line":22,"column":37},"end":{"line":22,"column":58}},"9":{"start":{"line":23,"column":8},"end":{"line":30,"column":null}},"10":{"start":{"line":34,"column":26},"end":{"line":34,"column":null}},"11":{"start":{"line":36,"column":4},"end":{"line":45,"column":null}},"12":{"start":{"line":36,"column":60},"end":{"line":36,"column":81}},"13":{"start":{"line":37,"column":8},"end":{"line":44,"column":null}},"14":{"start":{"line":47,"column":4},"end":{"line":47,"column":null}}},"fnMap":{"0":{"name":"checkBestPractices","decl":{"start":{"line":3,"column":16},"end":{"line":3,"column":35}},"loc":{"start":{"line":3,"column":64},"end":{"line":48,"column":null}},"line":3},"1":{"name":"(anonymous_1)","decl":{"start":{"line":9,"column":33},"end":{"line":9,"column":38}},"loc":{"start":{"line":9,"column":38},"end":{"line":9,"column":59}},"line":9},"2":{"name":"(anonymous_2)","decl":{"start":{"line":22,"column":32},"end":{"line":22,"column":37}},"loc":{"start":{"line":22,"column":37},"end":{"line":22,"column":58}},"line":22},"3":{"name":"(anonymous_3)","decl":{"start":{"line":36,"column":55},"end":{"line":36,"column":60}},"loc":{"start":{"line":36,"column":60},"end":{"line":36,"column":81}},"line":36}},"branchMap":{"0":{"loc":{"start":{"line":9,"column":4},"end":{"line":18,"column":null}},"type":"if","locations":[{"start":{"line":9,"column":4},"end":{"line":18,"column":null}},{"start":{},"end":{}}],"line":9},"1":{"loc":{"start":{"line":22,"column":4},"end":{"line":31,"column":null}},"type":"if","locations":[{"start":{"line":22,"column":4},"end":{"line":31,"column":null}},{"start":{},"end":{}}],"line":22},"2":{"loc":{"start":{"line":36,"column":4},"end":{"line":45,"column":null}},"type":"if","locations":[{"start":{"line":36,"column":4},"end":{"line":45,"column":null}},{"start":{},"end":{}}],"line":36},"3":{"loc":{"start":{"line":36,"column":8},"end":{"line":36,"column":84}},"type":"binary-expr","locations":[{"start":{"line":36,"column":8},"end":{"line":36,"column":35}},{"start":{"line":36,"column":35},"end":{"line":36,"column":84}}],"line":36}},"s":{"0":5,"1":5,"2":5,"3":5,"4":21,"5":4,"6":5,"7":5,"8":20,"9":5,"10":5,"11":5,"12":5,"13":1,"14":5},"f":{"0":5,"1":21,"2":20,"3":5},"b":{"0":[4,1],"1":[5,0],"2":[1,4],"3":[5,1]},"meta":{"lastBranch":4,"lastFunction":4,"lastStatement":15,"seen":{"f:3:16:3:35":0,"s:4:32:4:Infinity":0,"s:5:22:5:Infinity":1,"s:8:31:8:Infinity":2,"b:9:4:18:Infinity:undefined:undefined:undefined:undefined":0,"s:9:4:18:Infinity":3,"f:9:33:9:38":1,"s:9:38:9:59":4,"s:10:8:17:Infinity":5,"s:21:30:21:Infinity":6,"b:22:4:31:Infinity:undefined:undefined:undefined:undefined":1,"s:22:4:31:Infinity":7,"f:22:32:22:37":2,"s:22:37:22:58":8,"s:23:8:30:Infinity":9,"s:34:26:34:Infinity":10,"b:36:4:45:Infinity:undefined:undefined:undefined:undefined":2,"s:36:4:45:Infinity":11,"b:36:8:36:35:36:35:36:84":3,"f:36:55:36:60":3,"s:36:60:36:81":12,"s:37:8:44:Infinity":13,"s:47:4:47:Infinity":14}}}
,"/Users/meghalparikh/Downloads/promptsonar/packages/core/src/rules/clarity.ts": {"path":"/Users/meghalparikh/Downloads/promptsonar/packages/core/src/rules/clarity.ts","statementMap":{"0":{"start":{"line":4,"column":32},"end":{"line":4,"column":null}},"1":{"start":{"line":5,"column":22},"end":{"line":5,"column":null}},"2":{"start":{"line":8,"column":26},"end":{"line":8,"column":null}},"3":{"start":{"line":9,"column":24},"end":{"line":9,"column":null}},"4":{"start":{"line":11,"column":28},"end":{"line":11,"column":null}},"5":{"start":{"line":11,"column":58},"end":{"line":11,"column":85}},"6":{"start":{"line":12,"column":26},"end":{"line":12,"column":null}},"7":{"start":{"line":12,"column":48},"end":{"line":12,"column":69}},"8":{"start":{"line":14,"column":4},"end":{"line":23,"column":null}},"9":{"start":{"line":15,"column":8},"end":{"line":22,"column":null}},"10":{"start":{"line":26,"column":29},"end":{"line":26,"column":null}},"11":{"start":{"line":27,"column":4},"end":{"line":38,"column":null}},"12":{"start":{"line":28,"column":8},"end":{"line":37,"column":null}},"13":{"start":{"line":29,"column":12},"end":{"line":36,"column":null}},"14":{"start":{"line":41,"column":24},"end":{"line":41,"column":null}},"15":{"start":{"line":42,"column":4},"end":{"line":54,"column":null}},"16":{"start":{"line":43,"column":22},"end":{"line":43,"column":null}},"17":{"start":{"line":44,"column":8},"end":{"line":53,"column":null}},"18":{"start":{"line":45,"column":12},"end":{"line":52,"column":null}},"19":{"start":{"line":56,"column":4},"end":{"line":56,"column":null}}},"fnMap":{"0":{"name":"checkClarity","decl":{"start":{"line":3,"column":16},"end":{"line":3,"column":29}},"loc":{"start":{"line":3,"column":58},"end":{"line":57,"column":null}},"line":3},"1":{"name":"(anonymous_1)","decl":{"start":{"line":11,"column":47},"end":{"line":11,"column":58}},"loc":{"start":{"line":11,"column":58},"end":{"line":11,"column":85}},"line":11},"2":{"name":"(anonymous_2)","decl":{"start":{"line":12,"column":43},"end":{"line":12,"column":48}},"loc":{"start":{"line":12,"column":48},"end":{"line":12,"column":69}},"line":12}},"branchMap":{"0":{"loc":{"start":{"line":14,"column":4},"end":{"line":23,"column":null}},"type":"if","locations":[{"start":{"line":14,"column":4},"end":{"line":23,"column":null}},{"start":{},"end":{}}],"line":14},"1":{"loc":{"start":{"line":14,"column":8},"end":{"line":14,"column":43}},"type":"binary-expr","locations":[{"start":{"line":14,"column":8},"end":{"line":14,"column":27}},{"start":{"line":14,"column":27},"end":{"line":14,"column":43}}],"line":14},"2":{"loc":{"start":{"line":28,"column":8},"end":{"line":37,"column":null}},"type":"if","locations":[{"start":{"line":28,"column":8},"end":{"line":37,"column":null}},{"start":{},"end":{}}],"line":28},"3":{"loc":{"start":{"line":44,"column":8},"end":{"line":53,"column":null}},"type":"if","locations":[{"start":{"line":44,"column":8},"end":{"line":53,"column":null}},{"start":{},"end":{}}],"line":44}},"s":{"0":5,"1":5,"2":5,"3":5,"4":5,"5":25,"6":5,"7":35,"8":5,"9":0,"10":5,"11":5,"12":20,"13":0,"14":5,"15":5,"16":30,"17":30,"18":0,"19":5},"f":{"0":5,"1":25,"2":35},"b":{"0":[0,5],"1":[5,0],"2":[0,20],"3":[0,30]},"meta":{"lastBranch":4,"lastFunction":3,"lastStatement":20,"seen":{"f:3:16:3:29":0,"s:4:32:4:Infinity":0,"s:5:22:5:Infinity":1,"s:8:26:8:Infinity":2,"s:9:24:9:Infinity":3,"s:11:28:11:Infinity":4,"f:11:47:11:58":1,"s:11:58:11:85":5,"s:12:26:12:Infinity":6,"f:12:43:12:48":2,"s:12:48:12:69":7,"b:14:4:23:Infinity:undefined:undefined:undefined:undefined":0,"s:14:4:23:Infinity":8,"b:14:8:14:27:14:27:14:43":1,"s:15:8:22:Infinity":9,"s:26:29:26:Infinity":10,"s:27:4:38:Infinity":11,"b:28:8:37:Infinity:undefined:undefined:undefined:undefined":2,"s:28:8:37:Infinity":12,"s:29:12:36:Infinity":13,"s:41:24:41:Infinity":14,"s:42:4:54:Infinity":15,"s:43:22:43:Infinity":16,"b:44:8:53:Infinity:undefined:undefined:undefined:undefined":3,"s:44:8:53:Infinity":17,"s:45:12:52:Infinity":18,"s:56:4:56:Infinity":19}}}
,"/Users/meghalparikh/Downloads/promptsonar/packages/core/src/rules/consistency.ts": {"path":"/Users/meghalparikh/Downloads/promptsonar/packages/core/src/rules/consistency.ts","statementMap":{"0":{"start":{"line":3,"column":23},"end":{"line":12,"column":null}},"1":{"start":{"line":15,"column":32},"end":{"line":15,"column":null}},"2":{"start":{"line":16,"column":22},"end":{"line":16,"column":null}},"3":{"start":{"line":18,"column":4},"end":{"line":29,"column":null}},"4":{"start":{"line":19,"column":8},"end":{"line":28,"column":null}},"5":{"start":{"line":20,"column":12},"end":{"line":27,"column":null}},"6":{"start":{"line":31,"column":4},"end":{"line":31,"column":null}}},"fnMap":{"0":{"name":"checkConsistency","decl":{"start":{"line":14,"column":16},"end":{"line":14,"column":33}},"loc":{"start":{"line":14,"column":62},"end":{"line":32,"column":null}},"line":14}},"branchMap":{"0":{"loc":{"start":{"line":19,"column":8},"end":{"line":28,"column":null}},"type":"if","locations":[{"start":{"line":19,"column":8},"end":{"line":28,"column":null}},{"start":{},"end":{}}],"line":19},"1":{"loc":{"start":{"line":19,"column":12},"end":{"line":19,"column":72}},"type":"binary-expr","locations":[{"start":{"line":19,"column":12},"end":{"line":19,"column":43}},{"start":{"line":19,"column":43},"end":{"line":19,"column":72}}],"line":19}},"s":{"0":2,"1":5,"2":5,"3":5,"4":40,"5":2,"6":5},"f":{"0":5},"b":{"0":[2,38],"1":[40,6]},"meta":{"lastBranch":2,"lastFunction":1,"lastStatement":7,"seen":{"s:3:23:12:Infinity":0,"f:14:16:14:33":0,"s:15:32:15:Infinity":1,"s:16:22:16:Infinity":2,"s:18:4:29:Infinity":3,"b:19:8:28:Infinity:undefined:undefined:undefined:undefined":0,"s:19:8:28:Infinity":4,"b:19:12:19:43:19:43:19:72":1,"s:20:12:27:Infinity":5,"s:31:4:31:Infinity":6}}}
,"/Users/meghalparikh/Downloads/promptsonar/packages/core/src/rules/ethics.ts": {"path":"/Users/meghalparikh/Downloads/promptsonar/packages/core/src/rules/ethics.ts","statementMap":{"0":{"start":{"line":3,"column":21},"end":{"line":6,"column":null}},"1":{"start":{"line":8,"column":21},"end":{"line":13,"column":null}},"2":{"start":{"line":16,"column":32},"end":{"line":16,"column":null}},"3":{"start":{"line":17,"column":17},"end":{"line":17,"column":null}},"4":{"start":{"line":20,"column":4},"end":{"line":33,"column":null}},"5":{"start":{"line":21,"column":8},"end":{"line":21,"column":null}},"6":{"start":{"line":22,"column":8},"end":{"line":32,"column":null}},"7":{"start":{"line":23,"column":12},"end":{"line":30,"column":null}},"8":{"start":{"line":31,"column":12},"end":{"line":31,"column":null}},"9":{"start":{"line":36,"column":4},"end":{"line":49,"column":null}},"10":{"start":{"line":37,"column":8},"end":{"line":37,"column":null}},"11":{"start":{"line":38,"column":8},"end":{"line":48,"column":null}},"12":{"start":{"line":39,"column":12},"end":{"line":46,"column":null}},"13":{"start":{"line":47,"column":12},"end":{"line":47,"column":null}},"14":{"start":{"line":51,"column":4},"end":{"line":51,"column":null}}},"fnMap":{"0":{"name":"checkEthics","decl":{"start":{"line":15,"column":16},"end":{"line":15,"column":28}},"loc":{"start":{"line":15,"column":57},"end":{"line":52,"column":null}},"line":15}},"branchMap":{"0":{"loc":{"start":{"line":22,"column":8},"end":{"line":32,"column":null}},"type":"if","locations":[{"start":{"line":22,"column":8},"end":{"line":32,"column":null}},{"start":{},"end":{}}],"line":22},"1":{"loc":{"start":{"line":38,"column":8},"end":{"line":48,"column":null}},"type":"if","locations":[{"start":{"line":38,"column":8},"end":{"line":48,"column":null}},{"start":{},"end":{}}],"line":38}},"s":{"0":2,"1":2,"2":5,"3":5,"4":5,"5":10,"6":10,"7":0,"8":0,"9":5,"10":20,"11":20,"12":0,"13":0,"14":5},"f":{"0":5},"b":{"0":[0,10],"1":[0,20]},"meta":{"lastBranch":2,"lastFunction":1,"lastStatement":15,"seen":{"s:3:21:6:Infinity":0,"s:8:21:13:Infinity":1,"f:15:16:15:28":0,"s:16:32:16:Infinity":2,"s:17:17:17:Infinity":3,"s:20:4:33:Infinity":4,"s:21:8:21:Infinity":5,"b:22:8:32:Infinity:undefined:undefined:undefined:undefined":0,"s:22:8:32:Infinity":6,"s:23:12:30:Infinity":7,"s:31:12:31:Infinity":8,"s:36:4:49:Infinity":9,"s:37:8:37:Infinity":10,"b:38:8:48:Infinity:undefined:undefined:undefined:undefined":1,"s:38:8:48:Infinity":11,"s:39:12:46:Infinity":12,"s:47:12:47:Infinity":13,"s:51:4:51:Infinity":14}}}
,"/Users/meghalparikh/Downloads/promptsonar/packages/core/src/rules/index.ts": {"path":"/Users/meghalparikh/Downloads/promptsonar/packages/core/src/rules/index.ts","statementMap":{"0":{"start":{"line":17,"column":21},"end":{"line":29,"column":null}},"1":{"start":{"line":32,"column":23},"end":{"line":32,"column":null}},"2":{"start":{"line":33,"column":4},"end":{"line":41,"column":null}},"3":{"start":{"line":34,"column":8},"end":{"line":34,"column":null}},"4":{"start":{"line":34,"column":45},"end":{"line":34,"column":null}},"5":{"start":{"line":35,"column":8},"end":{"line":35,"column":null}},"6":{"start":{"line":35,"column":44},"end":{"line":35,"column":null}},"7":{"start":{"line":36,"column":8},"end":{"line":36,"column":null}},"8":{"start":{"line":36,"column":46},"end":{"line":36,"column":null}},"9":{"start":{"line":37,"column":8},"end":{"line":37,"column":null}},"10":{"start":{"line":37,"column":51},"end":{"line":37,"column":null}},"11":{"start":{"line":38,"column":8},"end":{"line":38,"column":null}},"12":{"start":{"line":38,"column":48},"end":{"line":38,"column":null}},"13":{"start":{"line":39,"column":8},"end":{"line":39,"column":null}},"14":{"start":{"line":39,"column":47},"end":{"line":39,"column":null}},"15":{"start":{"line":40,"column":8},"end":{"line":40,"column":null}},"16":{"start":{"line":40,"column":43},"end":{"line":40,"column":null}},"17":{"start":{"line":43,"column":43},"end":{"line":43,"column":null}},"18":{"start":{"line":44,"column":16},"end":{"line":44,"column":null}},"19":{"start":{"line":46,"column":4},"end":{"line":50,"column":null}},"20":{"start":{"line":47,"column":8},"end":{"line":47,"column":null}},"21":{"start":{"line":48,"column":4},"end":{"line":50,"column":null}},"22":{"start":{"line":49,"column":8},"end":{"line":49,"column":null}},"23":{"start":{"line":52,"column":24},"end":{"line":52,"column":null}},"24":{"start":{"line":52,"column":43},"end":{"line":52,"column":68}},"25":{"start":{"line":53,"column":4},"end":{"line":56,"column":null}},"26":{"start":{"line":54,"column":8},"end":{"line":54,"column":null}},"27":{"start":{"line":55,"column":8},"end":{"line":55,"column":null}},"28":{"start":{"line":59,"column":26},"end":{"line":62,"column":null}},"29":{"start":{"line":60,"column":43},"end":{"line":60,"column":null}},"30":{"start":{"line":61,"column":8},"end":{"line":61,"column":null}},"31":{"start":{"line":64,"column":4},"end":{"line":68,"column":null}}},"fnMap":{"0":{"name":"evaluatePrompt","decl":{"start":{"line":16,"column":16},"end":{"line":16,"column":31}},"loc":{"start":{"line":16,"column":79},"end":{"line":69,"column":null}},"line":16},"1":{"name":"(anonymous_1)","decl":{"start":{"line":52,"column":38},"end":{"line":52,"column":43}},"loc":{"start":{"line":52,"column":43},"end":{"line":52,"column":68}},"line":52},"2":{"name":"(anonymous_2)","decl":{"start":{"line":59,"column":39},"end":{"line":59,"column":44}},"loc":{"start":{"line":59,"column":44},"end":{"line":62,"column":5}},"line":59}},"branchMap":{"0":{"loc":{"start":{"line":16,"column":49},"end":{"line":16,"column":79}},"type":"default-arg","locations":[{"start":{"line":16,"column":63},"end":{"line":16,"column":79}}],"line":16},"1":{"loc":{"start":{"line":28,"column":34},"end":{"line":28,"column":74}},"type":"binary-expr","locations":[{"start":{"line":28,"column":34},"end":{"line":28,"column":70}},{"start":{"line":28,"column":70},"end":{"line":28,"column":74}}],"line":28},"2":{"loc":{"start":{"line":34,"column":8},"end":{"line":34,"column":null}},"type":"if","locations":[{"start":{"line":34,"column":8},"end":{"line":34,"column":null}},{"start":{},"end":{}}],"line":34},"3":{"loc":{"start":{"line":34,"column":62},"end":{"line":34,"column":92}},"type":"binary-expr","locations":[{"start":{"line":34,"column":62},"end":{"line":34,"column":87}},{"start":{"line":34,"column":87},"end":{"line":34,"column":92}}],"line":34},"4":{"loc":{"start":{"line":35,"column":8},"end":{"line":35,"column":null}},"type":"if","locations":[{"start":{"line":35,"column":8},"end":{"line":35,"column":null}},{"start":{},"end":{}}],"line":35},"5":{"loc":{"start":{"line":35,"column":61},"end":{"line":35,"column":91}},"type":"binary-expr","locations":[{"start":{"line":35,"column":61},"end":{"line":35,"column":86}},{"start":{"line":35,"column":86},"end":{"line":35,"column":91}}],"line":35},"6":{"loc":{"start":{"line":36,"column":8},"end":{"line":36,"column":null}},"type":"if","locations":[{"start":{"line":36,"column":8},"end":{"line":36,"column":null}},{"start":{},"end":{}}],"line":36},"7":{"loc":{"start":{"line":36,"column":63},"end":{"line":36,"column":93}},"type":"binary-expr","locations":[{"start":{"line":36,"column":63},"end":{"line":36,"column":88}},{"start":{"line":36,"column":88},"end":{"line":36,"column":93}}],"line":36},"8":{"loc":{"start":{"line":37,"column":8},"end":{"line":37,"column":null}},"type":"if","locations":[{"start":{"line":37,"column":8},"end":{"line":37,"column":null}},{"start":{},"end":{}}],"line":37},"9":{"loc":{"start":{"line":37,"column":68},"end":{"line":37,"column":98}},"type":"binary-expr","locations":[{"start":{"line":37,"column":68},"end":{"line":37,"column":93}},{"start":{"line":37,"column":93},"end":{"line":37,"column":98}}],"line":37},"10":{"loc":{"start":{"line":38,"column":8},"end":{"line":38,"column":null}},"type":"if","locations":[{"start":{"line":38,"column":8},"end":{"line":38,"column":null}},{"start":{},"end":{}}],"line":38},"11":{"loc":{"start":{"line":38,"column":65},"end":{"line":38,"column":95}},"type":"binary-expr","locations":[{"start":{"line":38,"column":65},"end":{"line":38,"column":90}},{"start":{"line":38,"column":90},"end":{"line":38,"column":95}}],"line":38},"12":{"loc":{"start":{"line":39,"column":8},"end":{"line":39,"column":null}},"type":"if","locations":[{"start":{"line":39,"column":8},"end":{"line":39,"column":null}},{"start":{},"end":{}}],"line":39},"13":{"loc":{"start":{"line":39,"column":64},"end":{"line":39,"column":94}},"type":"binary-expr","locations":[{"start":{"line":39,"column":64},"end":{"line":39,"column":89}},{"start":{"line":39,"column":89},"end":{"line":39,"column":94}}],"line":39},"14":{"loc":{"start":{"line":40,"column":8},"end":{"line":40,"column":null}},"type":"if","locations":[{"start":{"line":40,"column":8},"end":{"line":40,"column":null}},{"start":{},"end":{}}],"line":40},"15":{"loc":{"start":{"line":40,"column":60},"end":{"line":40,"column":90}},"type":"binary-expr","locations":[{"start":{"line":40,"column":60},"end":{"line":40,"column":85}},{"start":{"line":40,"column":85},"end":{"line":40,"column":90}}],"line":40},"16":{"loc":{"start":{"line":46,"column":4},"end":{"line":50,"column":null}},"type":"if","locations":[{"start":{"line":46,"column":4},"end":{"line":50,"column":null}},{"start":{"line":48,"column":4},"end":{"line":50,"column":null}}],"line":46},"17":{"loc":{"start":{"line":48,"column":4},"end":{"line":50,"column":null}},"type":"if","locations":[{"start":{"line":48,"column":4},"end":{"line":50,"column":null}},{"start":{},"end":{}}],"line":48},"18":{"loc":{"start":{"line":53,"column":4},"end":{"line":56,"column":null}},"type":"if","locations":[{"start":{"line":53,"column":4},"end":{"line":56,"column":null}},{"start":{},"end":{}}],"line":53}},"s":{"0":5,"1":5,"2":5,"3":15,"4":3,"5":15,"6":0,"7":15,"8":0,"9":15,"10":10,"11":15,"12":2,"13":15,"14":0,"15":15,"16":0,"17":5,"18":5,"19":5,"20":0,"21":5,"22":0,"23":5,"24":15,"25":5,"26":3,"27":3,"28":5,"29":15,"30":15,"31":5},"f":{"0":5,"1":15,"2":15},"b":{"0":[5],"1":[5,0],"2":[3,12],"3":[3,0],"4":[0,15],"5":[0,0],"6":[0,15],"7":[0,0],"8":[10,5],"9":[10,0],"10":[2,13],"11":[2,0],"12":[0,15],"13":[0,0],"14":[0,15],"15":[0,0],"16":[0,5],"17":[0,5],"18":[3,2]},"meta":{"lastBranch":19,"lastFunction":3,"lastStatement":32,"seen":{"f:16:16:16:31":0,"b:16:63:16:79":0,"s:17:21:29:Infinity":0,"b:28:34:28:70:28:70:28:74":1,"s:32:23:32:Infinity":1,"s:33:4:41:Infinity":2,"b:34:8:34:Infinity:undefined:undefined:undefined:undefined":2,"s:34:8:34:Infinity":3,"s:34:45:34:Infinity":4,"b:34:62:34:87:34:87:34:92":3,"b:35:8:35:Infinity:undefined:undefined:undefined:undefined":4,"s:35:8:35:Infinity":5,"s:35:44:35:Infinity":6,"b:35:61:35:86:35:86:35:91":5,"b:36:8:36:Infinity:undefined:undefined:undefined:undefined":6,"s:36:8:36:Infinity":7,"s:36:46:36:Infinity":8,"b:36:63:36:88:36:88:36:93":7,"b:37:8:37:Infinity:undefined:undefined:undefined:undefined":8,"s:37:8:37:Infinity":9,"s:37:51:37:Infinity":10,"b:37:68:37:93:37:93:37:98":9,"b:38:8:38:Infinity:undefined:undefined:undefined:undefined":10,"s:38:8:38:Infinity":11,"s:38:48:38:Infinity":12,"b:38:65:38:90:38:90:38:95":11,"b:39:8:39:Infinity:undefined:undefined:undefined:undefined":12,"s:39:8:39:Infinity":13,"s:39:47:39:Infinity":14,"b:39:64:39:89:39:89:39:94":13,"b:40:8:40:Infinity:undefined:undefined:undefined:undefined":14,"s:40:8:40:Infinity":15,"s:40:43:40:Infinity":16,"b:40:60:40:85:40:85:40:90":15,"s:43:43:43:Infinity":17,"s:44:16:44:Infinity":18,"b:46:4:50:Infinity:48:4:50:Infinity":16,"s:46:4:50:Infinity":19,"s:47:8:47:Infinity":20,"b:48:4:50:Infinity:undefined:undefined:undefined:undefined":17,"s:48:4:50:Infinity":21,"s:49:8:49:Infinity":22,"s:52:24:52:Infinity":23,"f:52:38:52:43":1,"s:52:43:52:68":24,"b:53:4:56:Infinity:undefined:undefined:undefined:undefined":18,"s:53:4:56:Infinity":25,"s:54:8:54:Infinity":26,"s:55:8:55:Infinity":27,"s:59:26:62:Infinity":28,"f:59:39:59:44":2,"s:60:43:60:Infinity":29,"s:61:8:61:Infinity":30,"s:64:4:68:Infinity":31}}}
,"/Users/meghalparikh/Downloads/promptsonar/packages/core/src/rules/structure.ts": {"path":"/Users/meghalparikh/Downloads/promptsonar/packages/core/src/rules/structure.ts","statementMap":{"0":{"start":{"line":4,"column":32},"end":{"line":4,"column":null}},"1":{"start":{"line":5,"column":22},"end":{"line":5,"column":null}},"2":{"start":{"line":7,"column":24},"end":{"line":7,"column":null}},"3":{"start":{"line":8,"column":28},"end":{"line":8,"column":null}},"4":{"start":{"line":10,"column":24},"end":{"line":10,"column":null}},"5":{"start":{"line":10,"column":46},"end":{"line":10,"column":67}},"6":{"start":{"line":11,"column":27},"end":{"line":11,"column":null}},"7":{"start":{"line":11,"column":53},"end":{"line":11,"column":74}},"8":{"start":{"line":13,"column":4},"end":{"line":22,"column":null}},"9":{"start":{"line":14,"column":8},"end":{"line":21,"column":null}},"10":{"start":{"line":24,"column":4},"end":{"line":24,"column":null}}},"fnMap":{"0":{"name":"checkStructure","decl":{"start":{"line":3,"column":16},"end":{"line":3,"column":31}},"loc":{"start":{"line":3,"column":60},"end":{"line":25,"column":null}},"line":3},"1":{"name":"(anonymous_1)","decl":{"start":{"line":10,"column":41},"end":{"line":10,"column":46}},"loc":{"start":{"line":10,"column":46},"end":{"line":10,"column":67}},"line":10},"2":{"name":"(anonymous_2)","decl":{"start":{"line":11,"column":48},"end":{"line":11,"column":53}},"loc":{"start":{"line":11,"column":53},"end":{"line":11,"column":74}},"line":11}},"branchMap":{"0":{"loc":{"start":{"line":13,"column":4},"end":{"line":22,"column":null}},"type":"if","locations":[{"start":{"line":13,"column":4},"end":{"line":22,"column":null}},{"start":{},"end":{}}],"line":13},"1":{"loc":{"start":{"line":13,"column":8},"end":{"line":13,"column":40}},"type":"binary-expr","locations":[{"start":{"line":13,"column":8},"end":{"line":13,"column":23}},{"start":{"line":13,"column":23},"end":{"line":13,"column":40}}],"line":13}},"s":{"0":5,"1":5,"2":5,"3":5,"4":5,"5":30,"6":5,"7":30,"8":5,"9":0,"10":5},"f":{"0":5,"1":30,"2":30},"b":{"0":[0,5],"1":[5,0]},"meta":{"lastBranch":2,"lastFunction":3,"lastStatement":11,"seen":{"f:3:16:3:31":0,"s:4:32:4:Infinity":0,"s:5:22:5:Infinity":1,"s:7:24:7:Infinity":2,"s:8:28:8:Infinity":3,"s:10:24:10:Infinity":4,"f:10:41:10:46":1,"s:10:46:10:67":5,"s:11:27:11:Infinity":6,"f:11:48:11:53":2,"s:11:53:11:74":7,"b:13:4:22:Infinity:undefined:undefined:undefined:undefined":0,"s:13:4:22:Infinity":8,"b:13:8:13:23:13:23:13:40":1,"s:14:8:21:Infinity":9,"s:24:4:24:Infinity":10}}}
,"/Users/meghalparikh/Downloads/promptsonar/packages/core/src/rules/types.ts": {"path":"/Users/meghalparikh/Downloads/promptsonar/packages/core/src/rules/types.ts","statementMap":{},"fnMap":{},"branchMap":{},"s":{},"f":{},"b":{},"meta":{"lastBranch":0,"lastFunction":0,"lastStatement":0,"seen":{}}}
,"/Users/meghalparikh/Downloads/promptsonar/packages/core/src/rules/efficiency/token_limit.ts": {"path":"/Users/meghalparikh/Downloads/promptsonar/packages/core/src/rules/efficiency/token_limit.ts","statementMap":{"0":{"start":{"line":4,"column":32},"end":{"line":4,"column":null}},"1":{"start":{"line":6,"column":28},"end":{"line":6,"column":null}},"2":{"start":{"line":8,"column":4},"end":{"line":17,"column":null}},"3":{"start":{"line":9,"column":8},"end":{"line":16,"column":null}},"4":{"start":{"line":19,"column":4},"end":{"line":28,"column":null}},"5":{"start":{"line":20,"column":8},"end":{"line":27,"column":null}},"6":{"start":{"line":31,"column":18},"end":{"line":31,"column":null}},"7":{"start":{"line":32,"column":4},"end":{"line":41,"column":null}},"8":{"start":{"line":33,"column":8},"end":{"line":40,"column":null}},"9":{"start":{"line":43,"column":4},"end":{"line":43,"column":null}}},"fnMap":{"0":{"name":"checkTokenLimit","decl":{"start":{"line":3,"column":16},"end":{"line":3,"column":32}},"loc":{"start":{"line":3,"column":89},"end":{"line":44,"column":null}},"line":3}},"branchMap":{"0":{"loc":{"start":{"line":3,"column":50},"end":{"line":3,"column":89}},"type":"default-arg","locations":[{"start":{"line":3,"column":72},"end":{"line":3,"column":89}}],"line":3},"1":{"loc":{"start":{"line":8,"column":4},"end":{"line":17,"column":null}},"type":"if","locations":[{"start":{"line":8,"column":4},"end":{"line":17,"column":null}},{"start":{},"end":{}}],"line":8},"2":{"loc":{"start":{"line":19,"column":4},"end":{"line":28,"column":null}},"type":"if","locations":[{"start":{"line":19,"column":4},"end":{"line":28,"column":null}},{"start":{},"end":{}}],"line":19},"3":{"loc":{"start":{"line":32,"column":4},"end":{"line":41,"column":null}},"type":"if","locations":[{"start":{"line":32,"column":4},"end":{"line":41,"column":null}},{"start":{},"end":{}}],"line":32}},"s":{"0":5,"1":5,"2":5,"3":0,"4":5,"5":0,"6":5,"7":5,"8":0,"9":5},"f":{"0":5},"b":{"0":[5],"1":[0,5],"2":[0,5],"3":[0,5]},"meta":{"lastBranch":4,"lastFunction":1,"lastStatement":10,"seen":{"f:3:16:3:32":0,"b:3:72:3:89":0,"s:4:32:4:Infinity":0,"s:6:28:6:Infinity":1,"b:8:4:17:Infinity:undefined:undefined:undefined:undefined":1,"s:8:4:17:Infinity":2,"s:9:8:16:Infinity":3,"b:19:4:28:Infinity:undefined:undefined:undefined:undefined":2,"s:19:4:28:Infinity":4,"s:20:8:27:Infinity":5,"s:31:18:31:Infinity":6,"b:32:4:41:Infinity:undefined:undefined:undefined:undefined":3,"s:32:4:41:Infinity":7,"s:33:8:40:Infinity":8,"s:43:4:43:Infinity":9}}}
,"/Users/meghalparikh/Downloads/promptsonar/packages/core/src/rules/security/owasp_patterns.ts": {"path":"/Users/meghalparikh/Downloads/promptsonar/packages/core/src/rules/security/owasp_patterns.ts","statementMap":{"0":{"start":{"line":3,"column":36},"end":{"line":40,"column":null}},"1":{"start":{"line":44,"column":32},"end":{"line":44,"column":null}},"2":{"start":{"line":47,"column":25},"end":{"line":47,"column":null}},"3":{"start":{"line":50,"column":24},"end":{"line":50,"column":null}},"4":{"start":{"line":51,"column":4},"end":{"line":59,"column":null}},"5":{"start":{"line":52,"column":8},"end":{"line":57,"column":null}},"6":{"start":{"line":53,"column":28},"end":{"line":53,"column":null}},"7":{"start":{"line":54,"column":12},"end":{"line":56,"column":null}},"8":{"start":{"line":55,"column":16},"end":{"line":55,"column":null}},"9":{"start":{"line":58,"column":8},"end":{"line":58,"column":null}},"10":{"start":{"line":62,"column":25},"end":{"line":64,"column":null}},"11":{"start":{"line":65,"column":4},"end":{"line":65,"column":null}},"12":{"start":{"line":65,"column":58},"end":{"line":65,"column":113}},"13":{"start":{"line":67,"column":4},"end":{"line":78,"column":null}},"14":{"start":{"line":68,"column":8},"end":{"line":77,"column":null}},"15":{"start":{"line":69,"column":12},"end":{"line":76,"column":null}},"16":{"start":{"line":80,"column":33},"end":{"line":80,"column":null}},"17":{"start":{"line":81,"column":4},"end":{"line":90,"column":null}},"18":{"start":{"line":82,"column":8},"end":{"line":89,"column":null}},"19":{"start":{"line":92,"column":39},"end":{"line":92,"column":null}},"20":{"start":{"line":93,"column":4},"end":{"line":102,"column":null}},"21":{"start":{"line":94,"column":8},"end":{"line":101,"column":null}},"22":{"start":{"line":104,"column":10},"end":{"line":104,"column":null}},"23":{"start":{"line":105,"column":4},"end":{"line":114,"column":null}},"24":{"start":{"line":106,"column":8},"end":{"line":113,"column":null}},"25":{"start":{"line":117,"column":27},"end":{"line":117,"column":null}},"26":{"start":{"line":118,"column":17},"end":{"line":118,"column":null}},"27":{"start":{"line":119,"column":4},"end":{"line":125,"column":null}},"28":{"start":{"line":120,"column":20},"end":{"line":120,"column":null}},"29":{"start":{"line":121,"column":8},"end":{"line":124,"column":null}},"30":{"start":{"line":122,"column":12},"end":{"line":122,"column":null}},"31":{"start":{"line":123,"column":12},"end":{"line":123,"column":null}},"32":{"start":{"line":127,"column":4},"end":{"line":127,"column":null}}},"fnMap":{"0":{"name":"checkOwaspPatterns","decl":{"start":{"line":43,"column":16},"end":{"line":43,"column":35}},"loc":{"start":{"line":43,"column":64},"end":{"line":128,"column":null}},"line":43},"1":{"name":"(anonymous_1)","decl":{"start":{"line":51,"column":57},"end":{"line":51,"column":58}},"loc":{"start":{"line":51,"column":68},"end":{"line":59,"column":5}},"line":51},"2":{"name":"(anonymous_2)","decl":{"start":{"line":65,"column":50},"end":{"line":65,"column":58}},"loc":{"start":{"line":65,"column":58},"end":{"line":65,"column":113}},"line":65}},"branchMap":{"0":{"loc":{"start":{"line":54,"column":12},"end":{"line":56,"column":null}},"type":"if","locations":[{"start":{"line":54,"column":12},"end":{"line":56,"column":null}},{"start":{},"end":{}}],"line":54},"1":{"loc":{"start":{"line":65,"column":58},"end":{"line":65,"column":113}},"type":"binary-expr","locations":[{"start":{"line":65,"column":58},"end":{"line":65,"column":109}},{"start":{"line":65,"column":109},"end":{"line":65,"column":113}}],"line":65},"2":{"loc":{"start":{"line":68,"column":8},"end":{"line":77,"column":null}},"type":"if","locations":[{"start":{"line":68,"column":8},"end":{"line":77,"column":null}},{"start":{},"end":{}}],"line":68},"3":{"loc":{"start":{"line":81,"column":4},"end":{"line":90,"column":null}},"type":"if","locations":[{"start":{"line":81,"column":4},"end":{"line":90,"column":null}},{"start":{},"end":{}}],"line":81},"4":{"loc":{"start":{"line":93,"column":4},"end":{"line":102,"column":null}},"type":"if","locations":[{"start":{"line":93,"column":4},"end":{"line":102,"column":null}},{"start":{},"end":{}}],"line":93},"5":{"loc":{"start":{"line":104,"column":27},"end":{"line":104,"column":72}},"type":"binary-expr","locations":[{"start":{"line":104,"column":27},"end":{"line":104,"column":68}},{"start":{"line":104,"column":68},"end":{"line":104,"column":72}}],"line":104},"6":{"loc":{"start":{"line":105,"column":4},"end":{"line":114,"column":null}},"type":"if","locations":[{"start":{"line":105,"column":4},"end":{"line":114,"column":null}},{"start":{},"end":{}}],"line":105},"7":{"loc":{"start":{"line":105,"column":8},"end":{"line":105,"column":88}},"type":"binary-expr","locations":[{"start":{"line":105,"column":8},"end":{"line":105,"column":30}},{"start":{"line":105,"column":30},"end":{"line":105,"column":88}}],"line":105},"8":{"loc":{"start":{"line":121,"column":8},"end":{"line":124,"column":null}},"type":"if","locations":[{"start":{"line":121,"column":8},"end":{"line":124,"column":null}},{"start":{},"end":{}}],"line":121}},"s":{"0":2,"1":5,"2":5,"3":5,"4":5,"5":1,"6":1,"7":1,"8":1,"9":0,"10":5,"11":5,"12":421,"13":5,"14":120,"15":3,"16":5,"17":5,"18":0,"19":5,"20":5,"21":0,"22":5,"23":5,"24":0,"25":5,"26":5,"27":5,"28":3,"29":3,"30":3,"31":3,"32":5},"f":{"0":5,"1":1,"2":421},"b":{"0":[1,0],"1":[421,420],"2":[3,117],"3":[0,5],"4":[0,5],"5":[5,5],"6":[0,5],"7":[5,0],"8":[3,0]},"meta":{"lastBranch":9,"lastFunction":3,"lastStatement":33,"seen":{"s:3:36:40:Infinity":0,"f:43:16:43:35":0,"s:44:32:44:Infinity":1,"s:47:25:47:Infinity":2,"s:50:24:50:Infinity":3,"s:51:4:59:Infinity":4,"f:51:57:51:58":1,"s:52:8:57:Infinity":5,"s:53:28:53:Infinity":6,"b:54:12:56:Infinity:undefined:undefined:undefined:undefined":0,"s:54:12:56:Infinity":7,"s:55:16:55:Infinity":8,"s:58:8:58:Infinity":9,"s:62:25:64:Infinity":10,"s:65:4:65:Infinity":11,"f:65:50:65:58":2,"s:65:58:65:113":12,"b:65:58:65:109:65:109:65:113":1,"s:67:4:78:Infinity":13,"b:68:8:77:Infinity:undefined:undefined:undefined:undefined":2,"s:68:8:77:Infinity":14,"s:69:12:76:Infinity":15,"s:80:33:80:Infinity":16,"b:81:4:90:Infinity:undefined:undefined:undefined:undefined":3,"s:81:4:90:Infinity":17,"s:82:8:89:Infinity":18,"s:92:39:92:Infinity":19,"b:93:4:102:Infinity:undefined:undefined:undefined:undefined":4,"s:93:4:102:Infinity":20,"s:94:8:101:Infinity":21,"s:104:10:104:Infinity":22,"b:104:27:104:68:104:68:104:72":5,"b:105:4:114:Infinity:undefined:undefined:undefined:undefined":6,"s:105:4:114:Infinity":23,"b:105:8:105:30:105:30:105:88":7,"s:106:8:113:Infinity":24,"s:117:27:117:Infinity":25,"s:118:17:118:Infinity":26,"s:119:4:125:Infinity":27,"s:120:20:120:Infinity":28,"b:121:8:124:Infinity:undefined:undefined:undefined:undefined":8,"s:121:8:124:Infinity":29,"s:122:12:122:Infinity":30,"s:123:12:123:Infinity":31,"s:127:4:127:Infinity":32}}}
,"/Users/meghalparikh/Downloads/promptsonar/packages/core/src/rules/security/pii.ts": {"path":"/Users/meghalparikh/Downloads/promptsonar/packages/core/src/rules/security/pii.ts","statementMap":{"0":{"start":{"line":3,"column":20},"end":{"line":10,"column":null}},"1":{"start":{"line":13,"column":32},"end":{"line":13,"column":null}},"2":{"start":{"line":15,"column":4},"end":{"line":26,"column":null}},"3":{"start":{"line":16,"column":8},"end":{"line":25,"column":null}},"4":{"start":{"line":17,"column":12},"end":{"line":24,"column":null}},"5":{"start":{"line":28,"column":4},"end":{"line":28,"column":null}}},"fnMap":{"0":{"name":"checkPii","decl":{"start":{"line":12,"column":16},"end":{"line":12,"column":25}},"loc":{"start":{"line":12,"column":54},"end":{"line":29,"column":null}},"line":12}},"branchMap":{"0":{"loc":{"start":{"line":16,"column":8},"end":{"line":25,"column":null}},"type":"if","locations":[{"start":{"line":16,"column":8},"end":{"line":25,"column":null}},{"start":{},"end":{}}],"line":16}},"s":{"0":2,"1":5,"2":5,"3":30,"4":0,"5":5},"f":{"0":5},"b":{"0":[0,30]},"meta":{"lastBranch":1,"lastFunction":1,"lastStatement":6,"seen":{"s:3:20:10:Infinity":0,"f:12:16:12:25":0,"s:13:32:13:Infinity":1,"s:15:4:26:Infinity":2,"b:16:8:25:Infinity:undefined:undefined:undefined:undefined":0,"s:16:8:25:Infinity":3,"s:17:12:24:Infinity":4,"s:28:4:28:Infinity":5}}}
,"/Users/meghalparikh/Downloads/promptsonar/packages/core/src/rules/security/rag_injection.ts": {"path":"/Users/meghalparikh/Downloads/promptsonar/packages/core/src/rules/security/rag_injection.ts","statementMap":{"0":{"start":{"line":3,"column":25},"end":{"line":9,"column":null}},"1":{"start":{"line":11,"column":28},"end":{"line":11,"column":null}},"2":{"start":{"line":14,"column":32},"end":{"line":14,"column":null}},"3":{"start":{"line":15,"column":17},"end":{"line":15,"column":null}},"4":{"start":{"line":16,"column":22},"end":{"line":16,"column":null}},"5":{"start":{"line":19,"column":4},"end":{"line":19,"column":null}},"6":{"start":{"line":19,"column":34},"end":{"line":19,"column":49}},"7":{"start":{"line":21,"column":4},"end":{"line":43,"column":null}},"8":{"start":{"line":23,"column":8},"end":{"line":42,"column":null}},"9":{"start":{"line":25,"column":29},"end":{"line":25,"column":null}},"10":{"start":{"line":26,"column":27},"end":{"line":26,"column":null}},"11":{"start":{"line":27,"column":31},"end":{"line":27,"column":null}},"12":{"start":{"line":29,"column":41},"end":{"line":29,"column":null}},"13":{"start":{"line":29,"column":73},"end":{"line":29,"column":97}},"14":{"start":{"line":31,"column":12},"end":{"line":41,"column":null}},"15":{"start":{"line":32,"column":16},"end":{"line":39,"column":null}},"16":{"start":{"line":40,"column":16},"end":{"line":40,"column":null}},"17":{"start":{"line":45,"column":4},"end":{"line":45,"column":null}}},"fnMap":{"0":{"name":"checkRagInjection","decl":{"start":{"line":13,"column":16},"end":{"line":13,"column":34}},"loc":{"start":{"line":13,"column":63},"end":{"line":46,"column":null}},"line":13},"1":{"name":"(anonymous_1)","decl":{"start":{"line":19,"column":29},"end":{"line":19,"column":34}},"loc":{"start":{"line":19,"column":34},"end":{"line":19,"column":49}},"line":19},"2":{"name":"(anonymous_2)","decl":{"start":{"line":29,"column":66},"end":{"line":29,"column":73}},"loc":{"start":{"line":29,"column":73},"end":{"line":29,"column":97}},"line":29}},"branchMap":{"0":{"loc":{"start":{"line":31,"column":12},"end":{"line":41,"column":null}},"type":"if","locations":[{"start":{"line":31,"column":12},"end":{"line":41,"column":null}},{"start":{},"end":{}}],"line":31}},"s":{"0":2,"1":2,"2":5,"3":5,"4":5,"5":5,"6":25,"7":5,"8":25,"9":0,"10":0,"11":0,"12":0,"13":0,"14":0,"15":0,"16":0,"17":5},"f":{"0":5,"1":25,"2":0},"b":{"0":[0,0]},"meta":{"lastBranch":1,"lastFunction":3,"lastStatement":18,"seen":{"s:3:25:9:Infinity":0,"s:11:28:11:Infinity":1,"f:13:16:13:34":0,"s:14:32:14:Infinity":2,"s:15:17:15:Infinity":3,"s:16:22:16:Infinity":4,"s:19:4:19:Infinity":5,"f:19:29:19:34":1,"s:19:34:19:49":6,"s:21:4:43:Infinity":7,"s:23:8:42:Infinity":8,"s:25:29:25:Infinity":9,"s:26:27:26:Infinity":10,"s:27:31:27:Infinity":11,"s:29:41:29:Infinity":12,"f:29:66:29:73":2,"s:29:73:29:97":13,"b:31:12:41:Infinity:undefined:undefined:undefined:undefined":0,"s:31:12:41:Infinity":14,"s:32:16:39:Infinity":15,"s:40:16:40:Infinity":16,"s:45:4:45:Infinity":17}}}
,"/Users/meghalparikh/Downloads/promptsonar/packages/core/src/rules/security/unbounded_access.ts": {"path":"/Users/meghalparikh/Downloads/promptsonar/packages/core/src/rules/security/unbounded_access.ts","statementMap":{"0":{"start":{"line":3,"column":17},"end":{"line":11,"column":null}},"1":{"start":{"line":14,"column":32},"end":{"line":14,"column":null}},"2":{"start":{"line":15,"column":17},"end":{"line":15,"column":null}},"3":{"start":{"line":17,"column":4},"end":{"line":31,"column":null}},"4":{"start":{"line":19,"column":8},"end":{"line":19,"column":null}},"5":{"start":{"line":20,"column":8},"end":{"line":30,"column":null}},"6":{"start":{"line":21,"column":12},"end":{"line":28,"column":null}},"7":{"start":{"line":29,"column":12},"end":{"line":29,"column":null}},"8":{"start":{"line":33,"column":4},"end":{"line":33,"column":null}}},"fnMap":{"0":{"name":"checkUnboundedAccess","decl":{"start":{"line":13,"column":16},"end":{"line":13,"column":37}},"loc":{"start":{"line":13,"column":66},"end":{"line":34,"column":null}},"line":13}},"branchMap":{"0":{"loc":{"start":{"line":20,"column":8},"end":{"line":30,"column":null}},"type":"if","locations":[{"start":{"line":20,"column":8},"end":{"line":30,"column":null}},{"start":{},"end":{}}],"line":20}},"s":{"0":2,"1":5,"2":5,"3":5,"4":35,"5":35,"6":0,"7":0,"8":5},"f":{"0":5},"b":{"0":[0,35]},"meta":{"lastBranch":1,"lastFunction":1,"lastStatement":9,"seen":{"s:3:17:11:Infinity":0,"f:13:16:13:37":0,"s:14:32:14:Infinity":1,"s:15:17:15:Infinity":2,"s:17:4:31:Infinity":3,"s:19:8:19:Infinity":4,"b:20:8:30:Infinity:undefined:undefined:undefined:undefined":0,"s:20:8:30:Infinity":5,"s:21:12:28:Infinity":6,"s:29:12:29:Infinity":7,"s:33:4:33:Infinity":8}}}
,"/Users/meghalparikh/Downloads/promptsonar/packages/core/src/rules/security/unbounded_persona.ts": {"path":"/Users/meghalparikh/Downloads/promptsonar/packages/core/src/rules/security/unbounded_persona.ts","statementMap":{"0":{"start":{"line":3,"column":25},"end":{"line":5,"column":null}},"1":{"start":{"line":7,"column":30},"end":{"line":9,"column":null}},"2":{"start":{"line":12,"column":32},"end":{"line":12,"column":null}},"3":{"start":{"line":13,"column":17},"end":{"line":13,"column":null}},"4":{"start":{"line":14,"column":22},"end":{"line":14,"column":null}},"5":{"start":{"line":17,"column":4},"end":{"line":17,"column":null}},"6":{"start":{"line":17,"column":34},"end":{"line":17,"column":49}},"7":{"start":{"line":19,"column":4},"end":{"line":38,"column":null}},"8":{"start":{"line":21,"column":8},"end":{"line":37,"column":null}},"9":{"start":{"line":23,"column":32},"end":{"line":23,"column":null}},"10":{"start":{"line":24,"column":34},"end":{"line":24,"column":null}},"11":{"start":{"line":24,"column":74},"end":{"line":24,"column":105}},"12":{"start":{"line":26,"column":12},"end":{"line":36,"column":null}},"13":{"start":{"line":27,"column":16},"end":{"line":34,"column":null}},"14":{"start":{"line":35,"column":16},"end":{"line":35,"column":null}},"15":{"start":{"line":40,"column":4},"end":{"line":40,"column":null}}},"fnMap":{"0":{"name":"checkUnboundedPersona","decl":{"start":{"line":11,"column":16},"end":{"line":11,"column":38}},"loc":{"start":{"line":11,"column":67},"end":{"line":41,"column":null}},"line":11},"1":{"name":"(anonymous_1)","decl":{"start":{"line":17,"column":29},"end":{"line":17,"column":34}},"loc":{"start":{"line":17,"column":34},"end":{"line":17,"column":49}},"line":17},"2":{"name":"(anonymous_2)","decl":{"start":{"line":24,"column":61},"end":{"line":24,"column":74}},"loc":{"start":{"line":24,"column":74},"end":{"line":24,"column":105}},"line":24}},"branchMap":{"0":{"loc":{"start":{"line":26,"column":12},"end":{"line":36,"column":null}},"type":"if","locations":[{"start":{"line":26,"column":12},"end":{"line":36,"column":null}},{"start":{},"end":{}}],"line":26}},"s":{"0":2,"1":2,"2":5,"3":5,"4":5,"5":5,"6":5,"7":5,"8":5,"9":0,"10":0,"11":0,"12":0,"13":0,"14":0,"15":5},"f":{"0":5,"1":5,"2":0},"b":{"0":[0,0]},"meta":{"lastBranch":1,"lastFunction":3,"lastStatement":16,"seen":{"s:3:25:5:Infinity":0,"s:7:30:9:Infinity":1,"f:11:16:11:38":0,"s:12:32:12:Infinity":2,"s:13:17:13:Infinity":3,"s:14:22:14:Infinity":4,"s:17:4:17:Infinity":5,"f:17:29:17:34":1,"s:17:34:17:49":6,"s:19:4:38:Infinity":7,"s:21:8:37:Infinity":8,"s:23:32:23:Infinity":9,"s:24:34:24:Infinity":10,"f:24:61:24:74":2,"s:24:74:24:105":11,"b:26:12:36:Infinity:undefined:undefined:undefined:undefined":0,"s:26:12:36:Infinity":12,"s:27:16:34:Infinity":13,"s:35:16:35:Infinity":14,"s:40:4:40:Infinity":15}}}
}
